<?xml version="1.0" encoding="UTF-8"?>
<coverage generated="1774312240938" clover="3.2.0">
  <project timestamp="1774312240938" name="All files">
    <metrics statements="338" coveredstatements="215" conditionals="604" coveredconditionals="273" methods="89" coveredmethods="50" elements="1031" coveredelements="538" complexity="0" loc="338" ncloc="338" packages="1" files="9" classes="9"/>
    <file name="cod.service.js" path="/home/runner/work/GlobexSky/GlobexSky/backend/services/cod.service.js">
      <metrics statements="83" coveredstatements="29" conditionals="98" coveredconditionals="33" methods="20" coveredmethods="5"/>
      <line num="9" count="9" type="stmt"/>
      <line num="12" count="9" type="cond" truecount="4" falsecount="0"/>
      <line num="13" count="6" type="cond" truecount="2" falsecount="2"/>
      <line num="16" count="9" type="cond" truecount="2" falsecount="0"/>
      <line num="17" count="7" type="cond" truecount="1" falsecount="1"/>
      <line num="20" count="9" type="cond" truecount="2" falsecount="0"/>
      <line num="23" count="9" type="cond" truecount="2" falsecount="0"/>
      <line num="24" count="7" type="cond" truecount="1" falsecount="1"/>
      <line num="26" count="9" type="stmt"/>
      <line num="41" count="2" type="stmt"/>
      <line num="44" count="2" type="stmt"/>
      <line num="53" count="2" type="cond" truecount="2" falsecount="0"/>
      <line num="54" count="2" type="cond" truecount="2" falsecount="0"/>
      <line num="55" count="2" type="cond" truecount="1" falsecount="1"/>
      <line num="56" count="2" type="cond" truecount="2" falsecount="0"/>
      <line num="58" count="2" type="stmt"/>
      <line num="66" count="2" type="stmt"/>
      <line num="68" count="2" type="stmt"/>
      <line num="80" count="2" type="cond" truecount="1" falsecount="1"/>
      <line num="81" count="2" type="stmt"/>
      <line num="90" count="2" type="stmt"/>
      <line num="98" count="2" type="cond" truecount="2" falsecount="0"/>
      <line num="99" count="1" type="stmt"/>
      <line num="107" count="1" type="stmt"/>
      <line num="114" count="1" type="cond" truecount="1" falsecount="1"/>
      <line num="115" count="1" type="stmt"/>
      <line num="124" count="1" type="stmt"/>
      <line num="131" count="1" type="cond" truecount="1" falsecount="1"/>
      <line num="132" count="1" type="stmt"/>
      <line num="139" count="0" type="stmt"/>
      <line num="140" count="0" type="cond" truecount="0" falsecount="2"/>
      <line num="141" count="0" type="cond" truecount="0" falsecount="2"/>
      <line num="143" count="0" type="stmt"/>
      <line num="144" count="0" type="cond" truecount="0" falsecount="2"/>
      <line num="146" count="0" type="cond" truecount="0" falsecount="2"/>
      <line num="147" count="0" type="stmt"/>
      <line num="148" count="0" type="stmt"/>
      <line num="149" count="0" type="stmt"/>
      <line num="150" count="0" type="cond" truecount="0" falsecount="2"/>
      <line num="151" count="0" type="cond" truecount="0" falsecount="2"/>
      <line num="152" count="0" type="stmt"/>
      <line num="155" count="0" type="stmt"/>
      <line num="156" count="0" type="stmt"/>
      <line num="163" count="0" type="stmt"/>
      <line num="164" count="0" type="cond" truecount="0" falsecount="2"/>
      <line num="165" count="0" type="cond" truecount="0" falsecount="2"/>
      <line num="167" count="0" type="stmt"/>
      <line num="168" count="0" type="cond" truecount="0" falsecount="2"/>
      <line num="170" count="0" type="cond" truecount="0" falsecount="2"/>
      <line num="171" count="0" type="stmt"/>
      <line num="172" count="0" type="cond" truecount="0" falsecount="2"/>
      <line num="173" count="0" type="stmt"/>
      <line num="176" count="0" type="stmt"/>
      <line num="177" count="0" type="stmt"/>
      <line num="178" count="0" type="cond" truecount="0" falsecount="2"/>
      <line num="179" count="0" type="stmt"/>
      <line num="182" count="0" type="stmt"/>
      <line num="187" count="0" type="stmt"/>
      <line num="197" count="0" type="stmt"/>
      <line num="206" count="0" type="stmt"/>
      <line num="213" count="0" type="cond" truecount="0" falsecount="2"/>
      <line num="214" count="0" type="stmt"/>
      <line num="223" count="0" type="stmt"/>
      <line num="230" count="0" type="cond" truecount="0" falsecount="2"/>
      <line num="231" count="0" type="stmt"/>
      <line num="242" count="0" type="stmt"/>
      <line num="255" count="0" type="cond" truecount="0" falsecount="2"/>
      <line num="256" count="0" type="stmt"/>
      <line num="266" count="0" type="stmt"/>
      <line num="271" count="0" type="cond" truecount="0" falsecount="2"/>
      <line num="272" count="0" type="cond" truecount="0" falsecount="2"/>
      <line num="274" count="0" type="stmt"/>
      <line num="275" count="0" type="cond" truecount="0" falsecount="2"/>
      <line num="277" count="0" type="cond" truecount="0" falsecount="2"/>
      <line num="278" count="0" type="stmt"/>
      <line num="280" count="0" type="stmt"/>
      <line num="281" count="0" type="stmt"/>
      <line num="282" count="0" type="cond" truecount="0" falsecount="4"/>
      <line num="283" count="0" type="cond" truecount="0" falsecount="2"/>
      <line num="284" count="0" type="cond" truecount="0" falsecount="2"/>
      <line num="285" count="0" type="cond" truecount="0" falsecount="2"/>
      <line num="286" count="0" type="stmt"/>
      <line num="289" count="0" type="stmt"/>
    </file>
    <file name="commission.service.js" path="/home/runner/work/GlobexSky/GlobexSky/backend/services/commission.service.js">
      <metrics statements="17" coveredstatements="17" conditionals="15" coveredconditionals="15" methods="1" coveredmethods="1"/>
      <line num="9" count="9" type="stmt"/>
      <line num="11" count="9" type="cond" truecount="2" falsecount="0"/>
      <line num="12" count="2" type="stmt"/>
      <line num="18" count="2" type="stmt"/>
      <line num="21" count="9" type="cond" truecount="2" falsecount="0"/>
      <line num="22" count="8" type="stmt"/>
      <line num="29" count="8" type="stmt"/>
      <line num="32" count="9" type="cond" truecount="2" falsecount="0"/>
      <line num="33" count="5" type="stmt"/>
      <line num="38" count="5" type="stmt"/>
      <line num="41" count="9" type="cond" truecount="2" falsecount="0"/>
      <line num="42" count="9" type="cond" truecount="2" falsecount="0"/>
      <line num="43" count="9" type="stmt"/>
      <line num="44" count="9" type="cond" truecount="2" falsecount="0"/>
      <line num="45" count="9" type="cond" truecount="2" falsecount="0"/>
      <line num="46" count="9" type="stmt"/>
      <line num="48" count="9" type="stmt"/>
    </file>
    <file name="currency.service.js" path="/home/runner/work/GlobexSky/GlobexSky/backend/services/currency.service.js">
      <metrics statements="24" coveredstatements="22" conditionals="24" coveredconditionals="16" methods="3" coveredmethods="3"/>
      <line num="6" count="1" type="stmt"/>
      <line num="7" count="1" type="stmt"/>
      <line num="8" count="1" type="stmt"/>
      <line num="9" count="1" type="stmt"/>
      <line num="12" count="9" type="cond" truecount="4" falsecount="0"/>
      <line num="14" count="1" type="stmt"/>
      <line num="15" count="1" type="stmt"/>
      <line num="16" count="1" type="cond" truecount="1" falsecount="1"/>
      <line num="17" count="1" type="stmt"/>
      <line num="18" count="1" type="stmt"/>
      <line num="19" count="1" type="cond" truecount="1" falsecount="1"/>
      <line num="20" count="1" type="stmt"/>
      <line num="21" count="1" type="stmt"/>
      <line num="22" count="1" type="stmt"/>
      <line num="24" count="0" type="stmt"/>
      <line num="25" count="0" type="stmt"/>
      <line num="33" count="7" type="cond" truecount="2" falsecount="0"/>
      <line num="34" count="6" type="stmt"/>
      <line num="35" count="6" type="cond" truecount="1" falsecount="1"/>
      <line num="36" count="6" type="cond" truecount="3" falsecount="1"/>
      <line num="37" count="6" type="cond" truecount="3" falsecount="1"/>
      <line num="38" count="6" type="stmt"/>
      <line num="42" count="3" type="stmt"/>
      <line num="43" count="3" type="cond" truecount="1" falsecount="1"/>
    </file>
    <file name="email.service.js" path="/home/runner/work/GlobexSky/GlobexSky/backend/services/email.service.js">
      <metrics statements="38" coveredstatements="26" conditionals="283" coveredconditionals="123" methods="19" coveredmethods="13"/>
      <line num="5" count="4" type="stmt"/>
      <line num="12" count="4" type="cond" truecount="1" falsecount="1"/>
      <line num="13" count="4" type="cond" truecount="1" falsecount="1"/>
      <line num="16" count="29" type="stmt"/>
      <line num="25" count="30" type="stmt"/>
      <line num="29" count="9" type="stmt"/>
      <line num="35" count="9" type="stmt"/>
      <line num="39" count="5" type="stmt"/>
      <line num="45" count="5" type="stmt"/>
      <line num="49" count="4" type="stmt"/>
      <line num="59" count="4" type="cond" truecount="1" falsecount="1"/>
      <line num="63" count="2" type="stmt"/>
      <line num="73" count="2" type="cond" truecount="2" falsecount="0"/>
      <line num="77" count="1" type="stmt"/>
      <line num="87" count="1" type="cond" truecount="1" falsecount="1"/>
      <line num="91" count="1" type="stmt"/>
      <line num="101" count="1" type="cond" truecount="1" falsecount="1"/>
      <line num="105" count="0" type="stmt"/>
      <line num="117" count="0" type="cond" truecount="0" falsecount="2"/>
      <line num="121" count="2" type="stmt"/>
      <line num="132" count="2" type="cond" truecount="3" falsecount="0"/>
      <line num="136" count="1" type="stmt"/>
      <line num="148" count="1" type="stmt"/>
      <line num="152" count="0" type="stmt"/>
      <line num="163" count="0" type="cond" truecount="0" falsecount="2"/>
      <line num="167" count="0" type="stmt"/>
      <line num="180" count="0" type="cond" truecount="0" falsecount="2"/>
      <line num="184" count="1" type="stmt"/>
      <line num="194" count="1" type="cond" truecount="2" falsecount="0"/>
      <line num="198" count="3" type="stmt"/>
      <line num="204" count="3" type="stmt"/>
      <line num="208" count="0" type="stmt"/>
      <line num="218" count="0" type="cond" truecount="0" falsecount="4"/>
      <line num="222" count="0" type="stmt"/>
      <line num="233" count="0" type="cond" truecount="0" falsecount="2"/>
      <line num="237" count="0" type="stmt"/>
      <line num="242" count="0" type="cond" truecount="0" falsecount="3"/>
      <line num="246" count="1" type="stmt"/>
    </file>
    <file name="featureToggle.service.js" path="/home/runner/work/GlobexSky/GlobexSky/backend/services/featureToggle.service.js">
      <metrics statements="43" coveredstatements="36" conditionals="50" coveredconditionals="31" methods="8" coveredmethods="7"/>
      <line num="4" count="1" type="stmt"/>
      <line num="27" count="1" type="stmt"/>
      <line num="32" count="7" type="stmt"/>
      <line num="33" count="7" type="cond" truecount="2" falsecount="0"/>
      <line num="34" count="5" type="stmt"/>
      <line num="39" count="7" type="cond" truecount="2" falsecount="0"/>
      <line num="40" count="6" type="stmt"/>
      <line num="51" count="6" type="stmt"/>
      <line num="52" count="6" type="stmt"/>
      <line num="57" count="4" type="stmt"/>
      <line num="58" count="4" type="cond" truecount="1" falsecount="1"/>
      <line num="60" count="4" type="stmt"/>
      <line num="61" count="4" type="stmt"/>
      <line num="62" count="24" type="cond" truecount="2" falsecount="0"/>
      <line num="64" count="4" type="stmt"/>
      <line num="65" count="4" type="stmt"/>
      <line num="70" count="10" type="cond" truecount="2" falsecount="0"/>
      <line num="71" count="6" type="stmt"/>
      <line num="72" count="6" type="stmt"/>
      <line num="77" count="5" type="stmt"/>
      <line num="78" count="5" type="cond" truecount="2" falsecount="0"/>
      <line num="80" count="4" type="cond" truecount="1" falsecount="2"/>
      <line num="83" count="4" type="cond" truecount="2" falsecount="0"/>
      <line num="84" count="1" type="stmt"/>
      <line num="88" count="3" type="cond" truecount="2" falsecount="0"/>
      <line num="89" count="1" type="cond" truecount="1" falsecount="1"/>
      <line num="93" count="2" type="cond" truecount="1" falsecount="1"/>
      <line num="94" count="0" type="stmt"/>
      <line num="95" count="0" type="cond" truecount="0" falsecount="2"/>
      <line num="96" count="0" type="cond" truecount="0" falsecount="2"/>
      <line num="100" count="2" type="cond" truecount="1" falsecount="1"/>
      <line num="101" count="2" type="cond" truecount="1" falsecount="1"/>
      <line num="102" count="2" type="cond" truecount="1" falsecount="1"/>
      <line num="103" count="2" type="stmt"/>
      <line num="104" count="2" type="stmt"/>
      <line num="105" count="2" type="stmt"/>
      <line num="106" count="2" type="cond" truecount="1" falsecount="1"/>
      <line num="109" count="0" type="stmt"/>
      <line num="114" count="18" type="stmt"/>
      <line num="115" count="18" type="stmt"/>
      <line num="120" count="0" type="stmt"/>
      <line num="121" count="0" type="cond" truecount="0" falsecount="2"/>
      <line num="122" count="0" type="stmt"/>
    </file>
    <file name="flashSale.service.js" path="/home/runner/work/GlobexSky/GlobexSky/backend/services/flashSale.service.js">
      <metrics statements="36" coveredstatements="17" conditionals="48" coveredconditionals="17" methods="15" coveredmethods="7"/>
      <line num="12" count="2" type="stmt"/>
      <line num="29" count="2" type="cond" truecount="2" falsecount="0"/>
      <line num="30" count="1" type="stmt"/>
      <line num="37" count="2" type="stmt"/>
      <line num="38" count="2" type="stmt"/>
      <line num="46" count="2" type="cond" truecount="1" falsecount="1"/>
      <line num="47" count="2" type="cond" truecount="1" falsecount="1"/>
      <line num="57" count="0" type="stmt"/>
      <line num="58" count="0" type="stmt"/>
      <line num="65" count="0" type="cond" truecount="0" falsecount="2"/>
      <line num="66" count="0" type="cond" truecount="0" falsecount="2"/>
      <line num="78" count="0" type="stmt"/>
      <line num="79" count="0" type="stmt"/>
      <line num="80" count="0" type="stmt"/>
      <line num="83" count="0" type="stmt"/>
      <line num="90" count="0" type="cond" truecount="0" falsecount="2"/>
      <line num="91" count="0" type="stmt"/>
      <line num="99" count="1" type="stmt"/>
      <line num="107" count="1" type="cond" truecount="1" falsecount="1"/>
      <line num="108" count="1" type="stmt"/>
      <line num="117" count="1" type="stmt"/>
      <line num="130" count="1" type="stmt"/>
      <line num="135" count="1" type="cond" truecount="1" falsecount="1"/>
      <line num="136" count="1" type="stmt"/>
      <line num="144" count="0" type="stmt"/>
      <line num="150" count="0" type="cond" truecount="0" falsecount="4"/>
      <line num="152" count="0" type="stmt"/>
      <line num="157" count="0" type="cond" truecount="0" falsecount="2"/>
      <line num="158" count="0" type="cond" truecount="0" falsecount="2"/>
      <line num="159" count="0" type="cond" truecount="0" falsecount="4"/>
      <line num="160" count="0" type="cond" truecount="0" falsecount="2"/>
      <line num="161" count="0" type="cond" truecount="0" falsecount="2"/>
      <line num="164" count="0" type="stmt"/>
      <line num="186" count="4" type="cond" truecount="2" falsecount="0"/>
      <line num="187" count="2" type="stmt"/>
      <line num="189" count="2" type="stmt"/>
    </file>
    <file name="loyalty.service.js" path="/home/runner/work/GlobexSky/GlobexSky/backend/services/loyalty.service.js">
      <metrics statements="63" coveredstatements="34" conditionals="66" coveredconditionals="25" methods="14" coveredmethods="5"/>
      <line num="6" count="1" type="stmt"/>
      <line num="17" count="1" type="stmt"/>
      <line num="29" count="9" type="stmt"/>
      <line num="30" count="9" type="stmt"/>
      <line num="31" count="34" type="cond" truecount="2" falsecount="0"/>
      <line num="33" count="0" type="stmt"/>
      <line num="41" count="7" type="stmt"/>
      <line num="42" count="7" type="stmt"/>
      <line num="43" count="7" type="cond" truecount="4" falsecount="0"/>
      <line num="44" count="6" type="stmt"/>
      <line num="45" count="6" type="stmt"/>
      <line num="53" count="2" type="stmt"/>
      <line num="59" count="2" type="cond" truecount="2" falsecount="0"/>
      <line num="61" count="1" type="stmt"/>
      <line num="73" count="1" type="cond" truecount="1" falsecount="1"/>
      <line num="76" count="1" type="stmt"/>
      <line num="85" count="1" type="stmt"/>
      <line num="93" count="2" type="stmt"/>
      <line num="99" count="2" type="cond" truecount="4" falsecount="0"/>
      <line num="101" count="1" type="stmt"/>
      <line num="108" count="1" type="stmt"/>
      <line num="109" count="1" type="stmt"/>
      <line num="111" count="1" type="stmt"/>
      <line num="130" count="2" type="stmt"/>
      <line num="136" count="2" type="cond" truecount="4" falsecount="0"/>
      <line num="141" count="1" type="cond" truecount="1" falsecount="1"/>
      <line num="142" count="1" type="stmt"/>
      <line num="143" count="1" type="stmt"/>
      <line num="145" count="0" type="cond" truecount="0" falsecount="2"/>
      <line num="146" count="0" type="stmt"/>
      <line num="149" count="1" type="cond" truecount="1" falsecount="1"/>
      <line num="151" count="1" type="cond" truecount="2" falsecount="0"/>
      <line num="152" count="1" type="stmt"/>
      <line num="154" count="1" type="stmt"/>
      <line num="159" count="1" type="stmt"/>
      <line num="173" count="1" type="cond" truecount="1" falsecount="1"/>
      <line num="175" count="1" type="stmt"/>
      <line num="186" count="0" type="stmt"/>
      <line num="192" count="0" type="cond" truecount="0" falsecount="4"/>
      <line num="194" count="0" type="cond" truecount="0" falsecount="4"/>
      <line num="195" count="0" type="cond" truecount="0" falsecount="2"/>
      <line num="198" count="0" type="stmt"/>
      <line num="205" count="0" type="cond" truecount="0" falsecount="4"/>
      <line num="206" count="0" type="cond" truecount="0" falsecount="2"/>
      <line num="208" count="0" type="cond" truecount="0" falsecount="2"/>
      <line num="209" count="0" type="stmt"/>
      <line num="214" count="0" type="stmt"/>
      <line num="227" count="0" type="cond" truecount="0" falsecount="2"/>
      <line num="228" count="0" type="stmt"/>
      <line num="235" count="0" type="stmt"/>
      <line num="241" count="0" type="cond" truecount="0" falsecount="2"/>
      <line num="242" count="0" type="cond" truecount="0" falsecount="2"/>
      <line num="249" count="0" type="stmt"/>
      <line num="253" count="0" type="stmt"/>
      <line num="257" count="0" type="cond" truecount="0" falsecount="2"/>
      <line num="258" count="0" type="cond" truecount="0" falsecount="2"/>
      <line num="260" count="0" type="stmt"/>
      <line num="261" count="0" type="stmt"/>
      <line num="263" count="0" type="stmt"/>
      <line num="264" count="0" type="cond" truecount="0" falsecount="2"/>
      <line num="265" count="0" type="stmt"/>
      <line num="268" count="0" type="stmt"/>
      <line num="270" count="0" type="stmt"/>
    </file>
    <file name="pricing.service.js" path="/home/runner/work/GlobexSky/GlobexSky/backend/services/pricing.service.js">
      <metrics statements="16" coveredstatements="16" conditionals="11" coveredconditionals="11" methods="1" coveredmethods="1"/>
      <line num="10" count="8" type="stmt"/>
      <line num="12" count="8" type="cond" truecount="2" falsecount="0"/>
      <line num="13" count="1" type="stmt"/>
      <line num="19" count="1" type="stmt"/>
      <line num="22" count="8" type="cond" truecount="2" falsecount="0"/>
      <line num="24" count="7" type="stmt"/>
      <line num="31" count="7" type="stmt"/>
      <line num="34" count="8" type="cond" truecount="2" falsecount="0"/>
      <line num="36" count="5" type="stmt"/>
      <line num="41" count="5" type="stmt"/>
      <line num="44" count="8" type="cond" truecount="2" falsecount="0"/>
      <line num="45" count="8" type="cond" truecount="2" falsecount="0"/>
      <line num="46" count="8" type="stmt"/>
      <line num="47" count="8" type="stmt"/>
      <line num="48" count="8" type="stmt"/>
      <line num="50" count="8" type="stmt"/>
    </file>
    <file name="sms.service.js" path="/home/runner/work/GlobexSky/GlobexSky/backend/services/sms.service.js">
      <metrics statements="18" coveredstatements="18" conditionals="9" coveredconditionals="2" methods="8" coveredmethods="8"/>
      <line num="9" count="11" type="cond" truecount="2" falsecount="0"/>
      <line num="10" count="10" type="stmt"/>
      <line num="11" count="10" type="stmt"/>
      <line num="14" count="1" type="stmt"/>
      <line num="18" count="1" type="stmt"/>
      <line num="19" count="1" type="stmt"/>
      <line num="23" count="1" type="stmt"/>
      <line num="24" count="1" type="stmt"/>
      <line num="28" count="1" type="stmt"/>
      <line num="29" count="1" type="stmt"/>
      <line num="33" count="1" type="stmt"/>
      <line num="34" count="1" type="stmt"/>
      <line num="38" count="1" type="stmt"/>
      <line num="39" count="1" type="stmt"/>
      <line num="43" count="1" type="stmt"/>
      <line num="44" count="1" type="stmt"/>
      <line num="48" count="1" type="stmt"/>
      <line num="49" count="1" type="stmt"/>
    </file>
  </project>
</coverage>
