{"/home/runner/work/GlobexSky/GlobexSky/backend/services/cod.service.js": {"path":"/home/runner/work/GlobexSky/GlobexSky/backend/services/cod.service.js","statementMap":{"0":{"start":{"line":9,"column":14},"end":{"line":9,"column":15}},"1":{"start":{"line":12,"column":2},"end":{"line":13,"column":64}},"2":{"start":{"line":12,"column":47},"end":{"line":12,"column":59}},"3":{"start":{"line":13,"column":7},"end":{"line":13,"column":64}},"4":{"start":{"line":13,"column":52},"end":{"line":13,"column":64}},"5":{"start":{"line":16,"column":2},"end":{"line":17,"column":41}},"6":{"start":{"line":16,"column":24},"end":{"line":16,"column":36}},"7":{"start":{"line":17,"column":7},"end":{"line":17,"column":41}},"8":{"start":{"line":17,"column":29},"end":{"line":17,"column":41}},"9":{"start":{"line":20,"column":2},"end":{"line":20,"column":35}},"10":{"start":{"line":20,"column":23},"end":{"line":20,"column":35}},"11":{"start":{"line":23,"column":2},"end":{"line":24,"column":51}},"12":{"start":{"line":23,"column":34},"end":{"line":23,"column":46}},"13":{"start":{"line":24,"column":7},"end":{"line":24,"column":51}},"14":{"start":{"line":24,"column":39},"end":{"line":24,"column":51}},"15":{"start":{"line":26,"column":2},"end":{"line":26,"column":30}},"16":{"start":{"line":41,"column":6},"end":{"line":41,"column":15}},"17":{"start":{"line":44,"column":46},"end":{"line":51,"column":4}},"18":{"start":{"line":53,"column":26},"end":{"line":53,"column":46}},"19":{"start":{"line":54,"column":22},"end":{"line":54,"column":43}},"20":{"start":{"line":55,"column":21},"end":{"line":55,"column":76}},"21":{"start":{"line":56,"column":32},"end":{"line":56,"column":53}},"22":{"start":{"line":58,"column":22},"end":{"line":64,"column":4}},"23":{"start":{"line":66,"column":21},"end":{"line":66,"column":38}},"24":{"start":{"line":68,"column":26},"end":{"line":78,"column":23}},"25":{"start":{"line":80,"column":2},"end":{"line":80,"column":25}},"26":{"start":{"line":80,"column":13},"end":{"line":80,"column":25}},"27":{"start":{"line":81,"column":2},"end":{"line":81,"column":14}},"28":{"start":{"line":90,"column":26},"end":{"line":96,"column":13}},"29":{"start":{"line":98,"column":2},"end":{"line":98,"column":25}},"30":{"start":{"line":98,"column":13},"end":{"line":98,"column":25}},"31":{"start":{"line":99,"column":2},"end":{"line":99,"column":14}},"32":{"start":{"line":107,"column":26},"end":{"line":112,"column":13}},"33":{"start":{"line":114,"column":2},"end":{"line":114,"column":25}},"34":{"start":{"line":114,"column":13},"end":{"line":114,"column":25}},"35":{"start":{"line":115,"column":2},"end":{"line":115,"column":14}},"36":{"start":{"line":124,"column":26},"end":{"line":129,"column":13}},"37":{"start":{"line":131,"column":2},"end":{"line":131,"column":25}},"38":{"start":{"line":131,"column":13},"end":{"line":131,"column":25}},"39":{"start":{"line":132,"column":2},"end":{"line":132,"column":14}},"40":{"start":{"line":139,"column":14},"end":{"line":139,"column":99}},"41":{"start":{"line":140,"column":2},"end":{"line":140,"column":52}},"42":{"start":{"line":140,"column":13},"end":{"line":140,"column":52}},"43":{"start":{"line":141,"column":2},"end":{"line":141,"column":48}},"44":{"start":{"line":141,"column":11},"end":{"line":141,"column":48}},"45":{"start":{"line":143,"column":26},"end":{"line":143,"column":37}},"46":{"start":{"line":144,"column":2},"end":{"line":144,"column":25}},"47":{"start":{"line":144,"column":13},"end":{"line":144,"column":25}},"48":{"start":{"line":146,"column":17},"end":{"line":146,"column":27}},"49":{"start":{"line":147,"column":18},"end":{"line":153,"column":107}},"50":{"start":{"line":148,"column":4},"end":{"line":148,"column":26}},"51":{"start":{"line":149,"column":4},"end":{"line":149,"column":34}},"52":{"start":{"line":150,"column":4},"end":{"line":150,"column":45}},"53":{"start":{"line":151,"column":4},"end":{"line":151,"column":39}},"54":{"start":{"line":151,"column":22},"end":{"line":151,"column":39}},"55":{"start":{"line":152,"column":4},"end":{"line":152,"column":15}},"56":{"start":{"line":155,"column":2},"end":{"line":155,"column":58}},"57":{"start":{"line":156,"column":2},"end":{"line":156,"column":29}},"58":{"start":{"line":163,"column":14},"end":{"line":163,"column":125}},"59":{"start":{"line":164,"column":2},"end":{"line":164,"column":52}},"60":{"start":{"line":164,"column":13},"end":{"line":164,"column":52}},"61":{"start":{"line":165,"column":2},"end":{"line":165,"column":48}},"62":{"start":{"line":165,"column":11},"end":{"line":165,"column":48}},"63":{"start":{"line":167,"column":26},"end":{"line":167,"column":37}},"64":{"start":{"line":168,"column":2},"end":{"line":168,"column":25}},"65":{"start":{"line":168,"column":13},"end":{"line":168,"column":25}},"66":{"start":{"line":170,"column":17},"end":{"line":170,"column":27}},"67":{"start":{"line":171,"column":19},"end":{"line":174,"column":8}},"68":{"start":{"line":172,"column":4},"end":{"line":172,"column":45}},"69":{"start":{"line":173,"column":4},"end":{"line":173,"column":15}},"70":{"start":{"line":176,"column":25},"end":{"line":176,"column":68}},"71":{"start":{"line":176,"column":49},"end":{"line":176,"column":64}},"72":{"start":{"line":177,"column":26},"end":{"line":177,"column":107}},"73":{"start":{"line":177,"column":45},"end":{"line":177,"column":69}},"74":{"start":{"line":177,"column":88},"end":{"line":177,"column":103}},"75":{"start":{"line":178,"column":24},"end":{"line":180,"column":7}},"76":{"start":{"line":179,"column":32},"end":{"line":179,"column":52}},"77":{"start":{"line":182,"column":2},"end":{"line":189,"column":4}},"78":{"start":{"line":187,"column":38},"end":{"line":187,"column":50}},"79":{"start":{"line":197,"column":2},"end":{"line":197,"column":41}},"80":{"start":{"line":206,"column":26},"end":{"line":211,"column":13}},"81":{"start":{"line":213,"column":2},"end":{"line":213,"column":25}},"82":{"start":{"line":213,"column":13},"end":{"line":213,"column":25}},"83":{"start":{"line":214,"column":2},"end":{"line":214,"column":14}},"84":{"start":{"line":223,"column":26},"end":{"line":228,"column":13}},"85":{"start":{"line":230,"column":2},"end":{"line":230,"column":25}},"86":{"start":{"line":230,"column":13},"end":{"line":230,"column":25}},"87":{"start":{"line":231,"column":2},"end":{"line":231,"column":14}},"88":{"start":{"line":242,"column":26},"end":{"line":253,"column":13}},"89":{"start":{"line":255,"column":2},"end":{"line":255,"column":25}},"90":{"start":{"line":255,"column":13},"end":{"line":255,"column":25}},"91":{"start":{"line":256,"column":2},"end":{"line":256,"column":14}},"92":{"start":{"line":266,"column":14},"end":{"line":269,"column":34}},"93":{"start":{"line":271,"column":2},"end":{"line":271,"column":72}},"94":{"start":{"line":271,"column":23},"end":{"line":271,"column":72}},"95":{"start":{"line":272,"column":2},"end":{"line":272,"column":70}},"96":{"start":{"line":272,"column":23},"end":{"line":272,"column":70}},"97":{"start":{"line":274,"column":26},"end":{"line":274,"column":37}},"98":{"start":{"line":275,"column":2},"end":{"line":275,"column":25}},"99":{"start":{"line":275,"column":13},"end":{"line":275,"column":25}},"100":{"start":{"line":277,"column":17},"end":{"line":277,"column":27}},"101":{"start":{"line":278,"column":22},"end":{"line":278,"column":35}},"102":{"start":{"line":280,"column":16},"end":{"line":287,"column":87}},"103":{"start":{"line":281,"column":4},"end":{"line":281,"column":33}},"104":{"start":{"line":282,"column":4},"end":{"line":282,"column":88}},"105":{"start":{"line":282,"column":34},"end":{"line":282,"column":88}},"106":{"start":{"line":283,"column":4},"end":{"line":283,"column":81}},"107":{"start":{"line":283,"column":53},"end":{"line":283,"column":81}},"108":{"start":{"line":284,"column":4},"end":{"line":284,"column":44}},"109":{"start":{"line":284,"column":22},"end":{"line":284,"column":44}},"110":{"start":{"line":285,"column":4},"end":{"line":285,"column":63}},"111":{"start":{"line":286,"column":4},"end":{"line":286,"column":15}},"112":{"start":{"line":289,"column":2},"end":{"line":298,"column":4}}},"fnMap":{"0":{"name":"computeFraudScore","decl":{"start":{"line":8,"column":16},"end":{"line":8,"column":33}},"loc":{"start":{"line":8,"column":119},"end":{"line":27,"column":1}},"line":8},"1":{"name":"createCodOrderRecord","decl":{"start":{"line":33,"column":22},"end":{"line":33,"column":42}},"loc":{"start":{"line":33,"column":54},"end":{"line":82,"column":1}},"line":33},"2":{"name":"confirmDelivery","decl":{"start":{"line":89,"column":22},"end":{"line":89,"column":37}},"loc":{"start":{"line":89,"column":61},"end":{"line":100,"column":1}},"line":89},"3":{"name":"confirmCollection","decl":{"start":{"line":106,"column":22},"end":{"line":106,"column":39}},"loc":{"start":{"line":106,"column":52},"end":{"line":116,"column":1}},"line":106},"4":{"name":"markFraudulent","decl":{"start":{"line":123,"column":22},"end":{"line":123,"column":36}},"loc":{"start":{"line":123,"column":57},"end":{"line":133,"column":1}},"line":123},"5":{"name":"buildReconciliationReport","decl":{"start":{"line":138,"column":22},"end":{"line":138,"column":47}},"loc":{"start":{"line":138,"column":69},"end":{"line":157,"column":1}},"line":138},"6":{"name":"(anonymous_6)","decl":{"start":{"line":147,"column":32},"end":{"line":147,"column":33}},"loc":{"start":{"line":147,"column":44},"end":{"line":153,"column":3}},"line":147},"7":{"name":"getCodAnalyticsData","decl":{"start":{"line":162,"column":22},"end":{"line":162,"column":41}},"loc":{"start":{"line":162,"column":63},"end":{"line":190,"column":1}},"line":162},"8":{"name":"(anonymous_8)","decl":{"start":{"line":171,"column":33},"end":{"line":171,"column":34}},"loc":{"start":{"line":171,"column":45},"end":{"line":174,"column":3}},"line":171},"9":{"name":"(anonymous_9)","decl":{"start":{"line":176,"column":39},"end":{"line":176,"column":40}},"loc":{"start":{"line":176,"column":49},"end":{"line":176,"column":64}},"line":176},"10":{"name":"(anonymous_10)","decl":{"start":{"line":177,"column":40},"end":{"line":177,"column":41}},"loc":{"start":{"line":177,"column":45},"end":{"line":177,"column":69}},"line":177},"11":{"name":"(anonymous_11)","decl":{"start":{"line":177,"column":78},"end":{"line":177,"column":79}},"loc":{"start":{"line":177,"column":88},"end":{"line":177,"column":103}},"line":177},"12":{"name":"(anonymous_12)","decl":{"start":{"line":179,"column":22},"end":{"line":179,"column":23}},"loc":{"start":{"line":179,"column":32},"end":{"line":179,"column":52}},"line":179},"13":{"name":"(anonymous_13)","decl":{"start":{"line":187,"column":33},"end":{"line":187,"column":34}},"loc":{"start":{"line":187,"column":38},"end":{"line":187,"column":50}},"line":187},"14":{"name":"createCodOrder","decl":{"start":{"line":196,"column":22},"end":{"line":196,"column":36}},"loc":{"start":{"line":196,"column":48},"end":{"line":198,"column":1}},"line":196},"15":{"name":"markUndelivered","decl":{"start":{"line":205,"column":22},"end":{"line":205,"column":37}},"loc":{"start":{"line":205,"column":58},"end":{"line":215,"column":1}},"line":205},"16":{"name":"scheduleRedelivery","decl":{"start":{"line":222,"column":22},"end":{"line":222,"column":40}},"loc":{"start":{"line":222,"column":59},"end":{"line":232,"column":1}},"line":222},"17":{"name":"reconcilePayment","decl":{"start":{"line":241,"column":22},"end":{"line":241,"column":38}},"loc":{"start":{"line":241,"column":81},"end":{"line":257,"column":1}},"line":241},"18":{"name":"getCodSummary","decl":{"start":{"line":265,"column":22},"end":{"line":265,"column":35}},"loc":{"start":{"line":265,"column":73},"end":{"line":299,"column":1}},"line":265},"19":{"name":"(anonymous_19)","decl":{"start":{"line":280,"column":30},"end":{"line":280,"column":31}},"loc":{"start":{"line":280,"column":42},"end":{"line":287,"column":3}},"line":280}},"branchMap":{"0":{"loc":{"start":{"line":12,"column":2},"end":{"line":13,"column":64}},"type":"if","locations":[{"start":{"line":12,"column":2},"end":{"line":13,"column":64}},{"start":{"line":13,"column":7},"end":{"line":13,"column":64}}],"line":12},"1":{"loc":{"start":{"line":12,"column":6},"end":{"line":12,"column":45}},"type":"binary-expr","locations":[{"start":{"line":12,"column":6},"end":{"line":12,"column":22}},{"start":{"line":12,"column":26},"end":{"line":12,"column":45}}],"line":12},"2":{"loc":{"start":{"line":13,"column":7},"end":{"line":13,"column":64}},"type":"if","locations":[{"start":{"line":13,"column":7},"end":{"line":13,"column":64}},{"start":{},"end":{}}],"line":13},"3":{"loc":{"start":{"line":13,"column":11},"end":{"line":13,"column":50}},"type":"binary-expr","locations":[{"start":{"line":13,"column":11},"end":{"line":13,"column":27}},{"start":{"line":13,"column":31},"end":{"line":13,"column":50}}],"line":13},"4":{"loc":{"start":{"line":16,"column":2},"end":{"line":17,"column":41}},"type":"if","locations":[{"start":{"line":16,"column":2},"end":{"line":17,"column":41}},{"start":{"line":17,"column":7},"end":{"line":17,"column":41}}],"line":16},"5":{"loc":{"start":{"line":17,"column":7},"end":{"line":17,"column":41}},"type":"if","locations":[{"start":{"line":17,"column":7},"end":{"line":17,"column":41}},{"start":{},"end":{}}],"line":17},"6":{"loc":{"start":{"line":20,"column":2},"end":{"line":20,"column":35}},"type":"if","locations":[{"start":{"line":20,"column":2},"end":{"line":20,"column":35}},{"start":{},"end":{}}],"line":20},"7":{"loc":{"start":{"line":23,"column":2},"end":{"line":24,"column":51}},"type":"if","locations":[{"start":{"line":23,"column":2},"end":{"line":24,"column":51}},{"start":{"line":24,"column":7},"end":{"line":24,"column":51}}],"line":23},"8":{"loc":{"start":{"line":24,"column":7},"end":{"line":24,"column":51}},"type":"if","locations":[{"start":{"line":24,"column":7},"end":{"line":24,"column":51}},{"start":{},"end":{}}],"line":24},"9":{"loc":{"start":{"line":53,"column":26},"end":{"line":53,"column":46}},"type":"binary-expr","locations":[{"start":{"line":53,"column":26},"end":{"line":53,"column":41}},{"start":{"line":53,"column":45},"end":{"line":53,"column":46}}],"line":53},"10":{"loc":{"start":{"line":54,"column":22},"end":{"line":54,"column":43}},"type":"binary-expr","locations":[{"start":{"line":54,"column":22},"end":{"line":54,"column":38}},{"start":{"line":54,"column":42},"end":{"line":54,"column":43}}],"line":54},"11":{"loc":{"start":{"line":55,"column":21},"end":{"line":55,"column":76}},"type":"cond-expr","locations":[{"start":{"line":55,"column":43},"end":{"line":55,"column":72}},{"start":{"line":55,"column":75},"end":{"line":55,"column":76}}],"line":55},"12":{"loc":{"start":{"line":56,"column":32},"end":{"line":56,"column":53}},"type":"binary-expr","locations":[{"start":{"line":56,"column":32},"end":{"line":56,"column":48}},{"start":{"line":56,"column":52},"end":{"line":56,"column":53}}],"line":56},"13":{"loc":{"start":{"line":71,"column":16},"end":{"line":71,"column":34}},"type":"binary-expr","locations":[{"start":{"line":71,"column":16},"end":{"line":71,"column":26}},{"start":{"line":71,"column":30},"end":{"line":71,"column":34}}],"line":71},"14":{"loc":{"start":{"line":73,"column":13},"end":{"line":73,"column":28}},"type":"binary-expr","locations":[{"start":{"line":73,"column":13},"end":{"line":73,"column":20}},{"start":{"line":73,"column":24},"end":{"line":73,"column":28}}],"line":73},"15":{"loc":{"start":{"line":74,"column":11},"end":{"line":74,"column":24}},"type":"binary-expr","locations":[{"start":{"line":74,"column":11},"end":{"line":74,"column":16}},{"start":{"line":74,"column":20},"end":{"line":74,"column":24}}],"line":74},"16":{"loc":{"start":{"line":80,"column":2},"end":{"line":80,"column":25}},"type":"if","locations":[{"start":{"line":80,"column":2},"end":{"line":80,"column":25}},{"start":{},"end":{}}],"line":80},"17":{"loc":{"start":{"line":98,"column":2},"end":{"line":98,"column":25}},"type":"if","locations":[{"start":{"line":98,"column":2},"end":{"line":98,"column":25}},{"start":{},"end":{}}],"line":98},"18":{"loc":{"start":{"line":114,"column":2},"end":{"line":114,"column":25}},"type":"if","locations":[{"start":{"line":114,"column":2},"end":{"line":114,"column":25}},{"start":{},"end":{}}],"line":114},"19":{"loc":{"start":{"line":126,"column":46},"end":{"line":126,"column":60}},"type":"binary-expr","locations":[{"start":{"line":126,"column":46},"end":{"line":126,"column":52}},{"start":{"line":126,"column":56},"end":{"line":126,"column":60}}],"line":126},"20":{"loc":{"start":{"line":131,"column":2},"end":{"line":131,"column":25}},"type":"if","locations":[{"start":{"line":131,"column":2},"end":{"line":131,"column":25}},{"start":{},"end":{}}],"line":131},"21":{"loc":{"start":{"line":138,"column":48},"end":{"line":138,"column":67}},"type":"default-arg","locations":[{"start":{"line":138,"column":65},"end":{"line":138,"column":67}}],"line":138},"22":{"loc":{"start":{"line":140,"column":2},"end":{"line":140,"column":52}},"type":"if","locations":[{"start":{"line":140,"column":2},"end":{"line":140,"column":52}},{"start":{},"end":{}}],"line":140},"23":{"loc":{"start":{"line":141,"column":2},"end":{"line":141,"column":48}},"type":"if","locations":[{"start":{"line":141,"column":2},"end":{"line":141,"column":48}},{"start":{},"end":{}}],"line":141},"24":{"loc":{"start":{"line":144,"column":2},"end":{"line":144,"column":25}},"type":"if","locations":[{"start":{"line":144,"column":2},"end":{"line":144,"column":25}},{"start":{},"end":{}}],"line":144},"25":{"loc":{"start":{"line":146,"column":17},"end":{"line":146,"column":27}},"type":"binary-expr","locations":[{"start":{"line":146,"column":17},"end":{"line":146,"column":21}},{"start":{"line":146,"column":25},"end":{"line":146,"column":27}}],"line":146},"26":{"loc":{"start":{"line":150,"column":21},"end":{"line":150,"column":39}},"type":"binary-expr","locations":[{"start":{"line":150,"column":21},"end":{"line":150,"column":34}},{"start":{"line":150,"column":38},"end":{"line":150,"column":39}}],"line":150},"27":{"loc":{"start":{"line":151,"column":4},"end":{"line":151,"column":39}},"type":"if","locations":[{"start":{"line":151,"column":4},"end":{"line":151,"column":39}},{"start":{},"end":{}}],"line":151},"28":{"loc":{"start":{"line":162,"column":42},"end":{"line":162,"column":61}},"type":"default-arg","locations":[{"start":{"line":162,"column":59},"end":{"line":162,"column":61}}],"line":162},"29":{"loc":{"start":{"line":164,"column":2},"end":{"line":164,"column":52}},"type":"if","locations":[{"start":{"line":164,"column":2},"end":{"line":164,"column":52}},{"start":{},"end":{}}],"line":164},"30":{"loc":{"start":{"line":165,"column":2},"end":{"line":165,"column":48}},"type":"if","locations":[{"start":{"line":165,"column":2},"end":{"line":165,"column":48}},{"start":{},"end":{}}],"line":165},"31":{"loc":{"start":{"line":168,"column":2},"end":{"line":168,"column":25}},"type":"if","locations":[{"start":{"line":168,"column":2},"end":{"line":168,"column":25}},{"start":{},"end":{}}],"line":168},"32":{"loc":{"start":{"line":170,"column":17},"end":{"line":170,"column":27}},"type":"binary-expr","locations":[{"start":{"line":170,"column":17},"end":{"line":170,"column":21}},{"start":{"line":170,"column":25},"end":{"line":170,"column":27}}],"line":170},"33":{"loc":{"start":{"line":172,"column":21},"end":{"line":172,"column":39}},"type":"binary-expr","locations":[{"start":{"line":172,"column":21},"end":{"line":172,"column":34}},{"start":{"line":172,"column":38},"end":{"line":172,"column":39}}],"line":172},"34":{"loc":{"start":{"line":178,"column":24},"end":{"line":180,"column":7}},"type":"cond-expr","locations":[{"start":{"line":179,"column":6},"end":{"line":179,"column":84}},{"start":{"line":180,"column":6},"end":{"line":180,"column":7}}],"line":178},"35":{"loc":{"start":{"line":208,"column":57},"end":{"line":208,"column":71}},"type":"binary-expr","locations":[{"start":{"line":208,"column":57},"end":{"line":208,"column":63}},{"start":{"line":208,"column":67},"end":{"line":208,"column":71}}],"line":208},"36":{"loc":{"start":{"line":213,"column":2},"end":{"line":213,"column":25}},"type":"if","locations":[{"start":{"line":213,"column":2},"end":{"line":213,"column":25}},{"start":{},"end":{}}],"line":213},"37":{"loc":{"start":{"line":230,"column":2},"end":{"line":230,"column":25}},"type":"if","locations":[{"start":{"line":230,"column":2},"end":{"line":230,"column":25}},{"start":{},"end":{}}],"line":230},"38":{"loc":{"start":{"line":248,"column":16},"end":{"line":248,"column":31}},"type":"binary-expr","locations":[{"start":{"line":248,"column":16},"end":{"line":248,"column":23}},{"start":{"line":248,"column":27},"end":{"line":248,"column":31}}],"line":248},"39":{"loc":{"start":{"line":255,"column":2},"end":{"line":255,"column":25}},"type":"if","locations":[{"start":{"line":255,"column":2},"end":{"line":255,"column":25}},{"start":{},"end":{}}],"line":255},"40":{"loc":{"start":{"line":265,"column":36},"end":{"line":265,"column":71}},"type":"default-arg","locations":[{"start":{"line":265,"column":69},"end":{"line":265,"column":71}}],"line":265},"41":{"loc":{"start":{"line":265,"column":50},"end":{"line":265,"column":64}},"type":"default-arg","locations":[{"start":{"line":265,"column":62},"end":{"line":265,"column":64}}],"line":265},"42":{"loc":{"start":{"line":271,"column":2},"end":{"line":271,"column":72}},"type":"if","locations":[{"start":{"line":271,"column":2},"end":{"line":271,"column":72}},{"start":{},"end":{}}],"line":271},"43":{"loc":{"start":{"line":272,"column":2},"end":{"line":272,"column":70}},"type":"if","locations":[{"start":{"line":272,"column":2},"end":{"line":272,"column":70}},{"start":{},"end":{}}],"line":272},"44":{"loc":{"start":{"line":275,"column":2},"end":{"line":275,"column":25}},"type":"if","locations":[{"start":{"line":275,"column":2},"end":{"line":275,"column":25}},{"start":{},"end":{}}],"line":275},"45":{"loc":{"start":{"line":277,"column":17},"end":{"line":277,"column":27}},"type":"binary-expr","locations":[{"start":{"line":277,"column":17},"end":{"line":277,"column":21}},{"start":{"line":277,"column":25},"end":{"line":277,"column":27}}],"line":277},"46":{"loc":{"start":{"line":282,"column":4},"end":{"line":282,"column":88}},"type":"if","locations":[{"start":{"line":282,"column":4},"end":{"line":282,"column":88}},{"start":{},"end":{}}],"line":282},"47":{"loc":{"start":{"line":282,"column":56},"end":{"line":282,"column":86}},"type":"binary-expr","locations":[{"start":{"line":282,"column":56},"end":{"line":282,"column":74}},{"start":{"line":282,"column":78},"end":{"line":282,"column":86}}],"line":282},"48":{"loc":{"start":{"line":283,"column":4},"end":{"line":283,"column":81}},"type":"if","locations":[{"start":{"line":283,"column":4},"end":{"line":283,"column":81}},{"start":{},"end":{}}],"line":283},"49":{"loc":{"start":{"line":284,"column":4},"end":{"line":284,"column":44}},"type":"if","locations":[{"start":{"line":284,"column":4},"end":{"line":284,"column":44}},{"start":{},"end":{}}],"line":284},"50":{"loc":{"start":{"line":285,"column":30},"end":{"line":285,"column":57}},"type":"binary-expr","locations":[{"start":{"line":285,"column":30},"end":{"line":285,"column":52}},{"start":{"line":285,"column":56},"end":{"line":285,"column":57}}],"line":285}},"s":{"0":9,"1":9,"2":3,"3":6,"4":0,"5":9,"6":2,"7":7,"8":0,"9":9,"10":2,"11":9,"12":2,"13":7,"14":0,"15":9,"16":2,"17":2,"18":2,"19":2,"20":2,"21":2,"22":2,"23":2,"24":2,"25":2,"26":0,"27":2,"28":2,"29":2,"30":1,"31":1,"32":1,"33":1,"34":0,"35":1,"36":1,"37":1,"38":0,"39":1,"40":0,"41":0,"42":0,"43":0,"44":0,"45":0,"46":0,"47":0,"48":0,"49":0,"50":0,"51":0,"52":0,"53":0,"54":0,"55":0,"56":0,"57":0,"58":0,"59":0,"60":0,"61":0,"62":0,"63":0,"64":0,"65":0,"66":0,"67":0,"68":0,"69":0,"70":0,"71":0,"72":0,"73":0,"74":0,"75":0,"76":0,"77":0,"78":0,"79":0,"80":0,"81":0,"82":0,"83":0,"84":0,"85":0,"86":0,"87":0,"88":0,"89":0,"90":0,"91":0,"92":0,"93":0,"94":0,"95":0,"96":0,"97":0,"98":0,"99":0,"100":0,"101":0,"102":0,"103":0,"104":0,"105":0,"106":0,"107":0,"108":0,"109":0,"110":0,"111":0,"112":0},"f":{"0":9,"1":2,"2":2,"3":1,"4":1,"5":0,"6":0,"7":0,"8":0,"9":0,"10":0,"11":0,"12":0,"13":0,"14":0,"15":0,"16":0,"17":0,"18":0,"19":0},"b":{"0":[3,6],"1":[9,3],"2":[0,6],"3":[6,0],"4":[2,7],"5":[0,7],"6":[2,7],"7":[2,7],"8":[0,7],"9":[2,2],"10":[2,2],"11":[0,2],"12":[2,2],"13":[2,2],"14":[2,2],"15":[2,2],"16":[0,2],"17":[1,1],"18":[0,1],"19":[1,0],"20":[0,1],"21":[0],"22":[0,0],"23":[0,0],"24":[0,0],"25":[0,0],"26":[0,0],"27":[0,0],"28":[0],"29":[0,0],"30":[0,0],"31":[0,0],"32":[0,0],"33":[0,0],"34":[0,0],"35":[0,0],"36":[0,0],"37":[0,0],"38":[0,0],"39":[0,0],"40":[0],"41":[0],"42":[0,0],"43":[0,0],"44":[0,0],"45":[0,0],"46":[0,0],"47":[0,0],"48":[0,0],"49":[0,0],"50":[0,0]},"_coverageSchema":"1a1c01bbd47fc00a2c39e90264f33305004495a9","hash":"e5b775133594921ae8824554fb4da5a27dedea36"}
,"/home/runner/work/GlobexSky/GlobexSky/backend/services/commission.service.js": {"path":"/home/runner/work/GlobexSky/GlobexSky/backend/services/commission.service.js","statementMap":{"0":{"start":{"line":9,"column":16},"end":{"line":9,"column":20}},"1":{"start":{"line":11,"column":2},"end":{"line":19,"column":3}},"2":{"start":{"line":12,"column":21},"end":{"line":17,"column":20}},"3":{"start":{"line":18,"column":4},"end":{"line":18,"column":19}},"4":{"start":{"line":21,"column":2},"end":{"line":30,"column":3}},"5":{"start":{"line":22,"column":21},"end":{"line":28,"column":20}},"6":{"start":{"line":29,"column":4},"end":{"line":29,"column":19}},"7":{"start":{"line":32,"column":2},"end":{"line":39,"column":3}},"8":{"start":{"line":33,"column":21},"end":{"line":37,"column":20}},"9":{"start":{"line":38,"column":4},"end":{"line":38,"column":19}},"10":{"start":{"line":41,"column":15},"end":{"line":41,"column":44}},"11":{"start":{"line":42,"column":18},"end":{"line":42,"column":40}},"12":{"start":{"line":43,"column":14},"end":{"line":43,"column":49}},"13":{"start":{"line":44,"column":15},"end":{"line":44,"column":43}},"14":{"start":{"line":45,"column":15},"end":{"line":45,"column":50}},"15":{"start":{"line":46,"column":21},"end":{"line":46,"column":56}},"16":{"start":{"line":48,"column":2},"end":{"line":48,"column":115}}},"fnMap":{"0":{"name":"calculateCommissionAmount","decl":{"start":{"line":8,"column":22},"end":{"line":8,"column":47}},"loc":{"start":{"line":8,"column":79},"end":{"line":49,"column":1}},"line":8}},"branchMap":{"0":{"loc":{"start":{"line":8,"column":60},"end":{"line":8,"column":77}},"type":"default-arg","locations":[{"start":{"line":8,"column":73},"end":{"line":8,"column":77}}],"line":8},"1":{"loc":{"start":{"line":11,"column":2},"end":{"line":19,"column":3}},"type":"if","locations":[{"start":{"line":11,"column":2},"end":{"line":19,"column":3}},{"start":{},"end":{}}],"line":11},"2":{"loc":{"start":{"line":21,"column":2},"end":{"line":30,"column":3}},"type":"if","locations":[{"start":{"line":21,"column":2},"end":{"line":30,"column":3}},{"start":{},"end":{}}],"line":21},"3":{"loc":{"start":{"line":32,"column":2},"end":{"line":39,"column":3}},"type":"if","locations":[{"start":{"line":32,"column":2},"end":{"line":39,"column":3}},{"start":{},"end":{}}],"line":32},"4":{"loc":{"start":{"line":41,"column":15},"end":{"line":41,"column":44}},"type":"binary-expr","locations":[{"start":{"line":41,"column":15},"end":{"line":41,"column":39}},{"start":{"line":41,"column":43},"end":{"line":41,"column":44}}],"line":41},"5":{"loc":{"start":{"line":42,"column":18},"end":{"line":42,"column":40}},"type":"binary-expr","locations":[{"start":{"line":42,"column":18},"end":{"line":42,"column":35}},{"start":{"line":42,"column":39},"end":{"line":42,"column":40}}],"line":42},"6":{"loc":{"start":{"line":44,"column":15},"end":{"line":44,"column":43}},"type":"binary-expr","locations":[{"start":{"line":44,"column":15},"end":{"line":44,"column":38}},{"start":{"line":44,"column":42},"end":{"line":44,"column":43}}],"line":44},"7":{"loc":{"start":{"line":45,"column":15},"end":{"line":45,"column":50}},"type":"binary-expr","locations":[{"start":{"line":45,"column":15},"end":{"line":45,"column":38}},{"start":{"line":45,"column":42},"end":{"line":45,"column":50}}],"line":45}},"s":{"0":9,"1":9,"2":2,"3":2,"4":9,"5":8,"6":8,"7":9,"8":5,"9":5,"10":9,"11":9,"12":9,"13":9,"14":9,"15":9,"16":9},"f":{"0":9},"b":{"0":[7],"1":[2,7],"2":[8,1],"3":[5,4],"4":[9,5],"5":[9,5],"6":[9,5],"7":[9,5]},"_coverageSchema":"1a1c01bbd47fc00a2c39e90264f33305004495a9","hash":"1bfdfccdd002cb660ad3bf20658c1e5f5c5fd50e"}
,"/home/runner/work/GlobexSky/GlobexSky/backend/services/currency.service.js": {"path":"/home/runner/work/GlobexSky/GlobexSky/backend/services/currency.service.js","statementMap":{"0":{"start":{"line":6,"column":22},"end":{"line":6,"column":27}},"1":{"start":{"line":7,"column":17},"end":{"line":7,"column":21}},"2":{"start":{"line":8,"column":16},"end":{"line":8,"column":17}},"3":{"start":{"line":9,"column":18},"end":{"line":9,"column":32}},"4":{"start":{"line":12,"column":2},"end":{"line":12,"column":74}},"5":{"start":{"line":12,"column":56},"end":{"line":12,"column":74}},"6":{"start":{"line":14,"column":2},"end":{"line":26,"column":3}},"7":{"start":{"line":15,"column":19},"end":{"line":15,"column":52}},"8":{"start":{"line":16,"column":4},"end":{"line":16,"column":74}},"9":{"start":{"line":16,"column":17},"end":{"line":16,"column":74}},"10":{"start":{"line":17,"column":16},"end":{"line":17,"column":99}},"11":{"start":{"line":18,"column":17},"end":{"line":18,"column":33}},"12":{"start":{"line":19,"column":4},"end":{"line":19,"column":86}},"13":{"start":{"line":19,"column":35},"end":{"line":19,"column":86}},"14":{"start":{"line":20,"column":4},"end":{"line":20,"column":39}},"15":{"start":{"line":21,"column":4},"end":{"line":21,"column":27}},"16":{"start":{"line":22,"column":4},"end":{"line":22,"column":22}},"17":{"start":{"line":24,"column":4},"end":{"line":24,"column":52}},"18":{"start":{"line":25,"column":4},"end":{"line":25,"column":16}},"19":{"start":{"line":33,"column":2},"end":{"line":33,"column":33}},"20":{"start":{"line":33,"column":19},"end":{"line":33,"column":33}},"21":{"start":{"line":34,"column":16},"end":{"line":34,"column":32}},"22":{"start":{"line":35,"column":2},"end":{"line":35,"column":28}},"23":{"start":{"line":35,"column":14},"end":{"line":35,"column":28}},"24":{"start":{"line":36,"column":16},"end":{"line":36,"column":69}},"25":{"start":{"line":37,"column":20},"end":{"line":37,"column":67}},"26":{"start":{"line":38,"column":2},"end":{"line":38,"column":31}},"27":{"start":{"line":42,"column":16},"end":{"line":42,"column":32}},"28":{"start":{"line":43,"column":2},"end":{"line":43,"column":88}}},"fnMap":{"0":{"name":"getRates","decl":{"start":{"line":11,"column":15},"end":{"line":11,"column":23}},"loc":{"start":{"line":11,"column":26},"end":{"line":27,"column":1}},"line":11},"1":{"name":"convert","decl":{"start":{"line":32,"column":22},"end":{"line":32,"column":29}},"loc":{"start":{"line":32,"column":64},"end":{"line":39,"column":1}},"line":32},"2":{"name":"getSupportedCurrencies","decl":{"start":{"line":41,"column":22},"end":{"line":41,"column":44}},"loc":{"start":{"line":41,"column":47},"end":{"line":44,"column":1}},"line":41}},"branchMap":{"0":{"loc":{"start":{"line":12,"column":2},"end":{"line":12,"column":74}},"type":"if","locations":[{"start":{"line":12,"column":2},"end":{"line":12,"column":74}},{"start":{},"end":{}}],"line":12},"1":{"loc":{"start":{"line":12,"column":6},"end":{"line":12,"column":54}},"type":"binary-expr","locations":[{"start":{"line":12,"column":6},"end":{"line":12,"column":16}},{"start":{"line":12,"column":20},"end":{"line":12,"column":54}}],"line":12},"2":{"loc":{"start":{"line":16,"column":4},"end":{"line":16,"column":74}},"type":"if","locations":[{"start":{"line":16,"column":4},"end":{"line":16,"column":74}},{"start":{},"end":{}}],"line":16},"3":{"loc":{"start":{"line":19,"column":4},"end":{"line":19,"column":86}},"type":"if","locations":[{"start":{"line":19,"column":4},"end":{"line":19,"column":86}},{"start":{},"end":{}}],"line":19},"4":{"loc":{"start":{"line":32,"column":38},"end":{"line":32,"column":50}},"type":"default-arg","locations":[{"start":{"line":32,"column":45},"end":{"line":32,"column":50}}],"line":32},"5":{"loc":{"start":{"line":32,"column":52},"end":{"line":32,"column":62}},"type":"default-arg","locations":[{"start":{"line":32,"column":57},"end":{"line":32,"column":62}}],"line":32},"6":{"loc":{"start":{"line":33,"column":2},"end":{"line":33,"column":33}},"type":"if","locations":[{"start":{"line":33,"column":2},"end":{"line":33,"column":33}},{"start":{},"end":{}}],"line":33},"7":{"loc":{"start":{"line":35,"column":2},"end":{"line":35,"column":28}},"type":"if","locations":[{"start":{"line":35,"column":2},"end":{"line":35,"column":28}},{"start":{},"end":{}}],"line":35},"8":{"loc":{"start":{"line":36,"column":16},"end":{"line":36,"column":69}},"type":"cond-expr","locations":[{"start":{"line":36,"column":33},"end":{"line":36,"column":39}},{"start":{"line":36,"column":42},"end":{"line":36,"column":69}}],"line":36},"9":{"loc":{"start":{"line":36,"column":52},"end":{"line":36,"column":68}},"type":"binary-expr","locations":[{"start":{"line":36,"column":52},"end":{"line":36,"column":63}},{"start":{"line":36,"column":67},"end":{"line":36,"column":68}}],"line":36},"10":{"loc":{"start":{"line":37,"column":20},"end":{"line":37,"column":67}},"type":"cond-expr","locations":[{"start":{"line":37,"column":35},"end":{"line":37,"column":40}},{"start":{"line":37,"column":43},"end":{"line":37,"column":67}}],"line":37},"11":{"loc":{"start":{"line":37,"column":52},"end":{"line":37,"column":66}},"type":"binary-expr","locations":[{"start":{"line":37,"column":52},"end":{"line":37,"column":61}},{"start":{"line":37,"column":65},"end":{"line":37,"column":66}}],"line":37},"12":{"loc":{"start":{"line":43,"column":9},"end":{"line":43,"column":87}},"type":"cond-expr","locations":[{"start":{"line":43,"column":17},"end":{"line":43,"column":35}},{"start":{"line":43,"column":38},"end":{"line":43,"column":87}}],"line":43}},"s":{"0":1,"1":1,"2":1,"3":1,"4":9,"5":8,"6":1,"7":1,"8":1,"9":0,"10":1,"11":1,"12":1,"13":0,"14":1,"15":1,"16":1,"17":0,"18":0,"19":7,"20":1,"21":6,"22":6,"23":0,"24":6,"25":6,"26":6,"27":3,"28":3},"f":{"0":9,"1":7,"2":3},"b":{"0":[8,1],"1":[9,8],"2":[0,1],"3":[0,1],"4":[0],"5":[0],"6":[1,6],"7":[0,6],"8":[4,2],"9":[2,0],"10":[1,5],"11":[5,0],"12":[3,0]},"_coverageSchema":"1a1c01bbd47fc00a2c39e90264f33305004495a9","hash":"81f1a7ff5de1b94e01103e05ec0cdd5e7a038228"}
,"/home/runner/work/GlobexSky/GlobexSky/backend/services/email.service.js": {"path":"/home/runner/work/GlobexSky/GlobexSky/backend/services/email.service.js","statementMap":{"0":{"start":{"line":5,"column":20},"end":{"line":10,"column":2}},"1":{"start":{"line":12,"column":20},"end":{"line":12,"column":84}},"2":{"start":{"line":13,"column":22},"end":{"line":13,"column":88}},"3":{"start":{"line":16,"column":2},"end":{"line":21,"column":4}},"4":{"start":{"line":25,"column":2},"end":{"line":25,"column":101}},"5":{"start":{"line":29,"column":15},"end":{"line":34,"column":4}},"6":{"start":{"line":35,"column":2},"end":{"line":35,"column":69}},"7":{"start":{"line":39,"column":15},"end":{"line":44,"column":4}},"8":{"start":{"line":45,"column":2},"end":{"line":45,"column":77}},"9":{"start":{"line":49,"column":15},"end":{"line":58,"column":4}},"10":{"start":{"line":59,"column":2},"end":{"line":59,"column":105}},"11":{"start":{"line":63,"column":15},"end":{"line":72,"column":4}},"12":{"start":{"line":73,"column":2},"end":{"line":73,"column":124}},"13":{"start":{"line":77,"column":15},"end":{"line":86,"column":4}},"14":{"start":{"line":87,"column":2},"end":{"line":87,"column":119}},"15":{"start":{"line":91,"column":15},"end":{"line":100,"column":4}},"16":{"start":{"line":101,"column":2},"end":{"line":101,"column":106}},"17":{"start":{"line":105,"column":15},"end":{"line":116,"column":4}},"18":{"start":{"line":117,"column":2},"end":{"line":117,"column":108}},"19":{"start":{"line":121,"column":15},"end":{"line":131,"column":4}},"20":{"start":{"line":132,"column":2},"end":{"line":132,"column":137}},"21":{"start":{"line":136,"column":15},"end":{"line":147,"column":4}},"22":{"start":{"line":148,"column":2},"end":{"line":148,"column":72}},"23":{"start":{"line":152,"column":15},"end":{"line":162,"column":4}},"24":{"start":{"line":163,"column":2},"end":{"line":163,"column":108}},"25":{"start":{"line":167,"column":15},"end":{"line":179,"column":4}},"26":{"start":{"line":180,"column":2},"end":{"line":180,"column":118}},"27":{"start":{"line":184,"column":15},"end":{"line":193,"column":4}},"28":{"start":{"line":194,"column":2},"end":{"line":194,"column":113}},"29":{"start":{"line":198,"column":15},"end":{"line":203,"column":4}},"30":{"start":{"line":204,"column":2},"end":{"line":204,"column":77}},"31":{"start":{"line":208,"column":15},"end":{"line":217,"column":4}},"32":{"start":{"line":218,"column":2},"end":{"line":218,"column":163}},"33":{"start":{"line":222,"column":15},"end":{"line":232,"column":4}},"34":{"start":{"line":233,"column":2},"end":{"line":233,"column":107}},"35":{"start":{"line":237,"column":15},"end":{"line":241,"column":4}},"36":{"start":{"line":242,"column":2},"end":{"line":242,"column":108}},"37":{"start":{"line":246,"column":2},"end":{"line":246,"column":37}}},"fnMap":{"0":{"name":"baseVars","decl":{"start":{"line":15,"column":9},"end":{"line":15,"column":17}},"loc":{"start":{"line":15,"column":20},"end":{"line":22,"column":1}},"line":15},"1":{"name":"send","decl":{"start":{"line":24,"column":15},"end":{"line":24,"column":19}},"loc":{"start":{"line":24,"column":43},"end":{"line":26,"column":1}},"line":24},"2":{"name":"sendWelcomeEmail","decl":{"start":{"line":28,"column":22},"end":{"line":28,"column":38}},"loc":{"start":{"line":28,"column":79},"end":{"line":36,"column":1}},"line":28},"3":{"name":"sendPasswordResetEmail","decl":{"start":{"line":38,"column":22},"end":{"line":38,"column":44}},"loc":{"start":{"line":38,"column":100},"end":{"line":46,"column":1}},"line":38},"4":{"name":"sendOrderConfirmationEmail","decl":{"start":{"line":48,"column":22},"end":{"line":48,"column":48}},"loc":{"start":{"line":48,"column":60},"end":{"line":60,"column":1}},"line":48},"5":{"name":"sendShippingUpdateEmail","decl":{"start":{"line":62,"column":22},"end":{"line":62,"column":45}},"loc":{"start":{"line":62,"column":57},"end":{"line":74,"column":1}},"line":62},"6":{"name":"sendOrderDeliveredEmail","decl":{"start":{"line":76,"column":22},"end":{"line":76,"column":45}},"loc":{"start":{"line":76,"column":57},"end":{"line":88,"column":1}},"line":76},"7":{"name":"sendDisputeOpenedEmail","decl":{"start":{"line":90,"column":22},"end":{"line":90,"column":44}},"loc":{"start":{"line":90,"column":58},"end":{"line":102,"column":1}},"line":90},"8":{"name":"sendDisputeResolvedEmail","decl":{"start":{"line":104,"column":22},"end":{"line":104,"column":46}},"loc":{"start":{"line":104,"column":60},"end":{"line":118,"column":1}},"line":104},"9":{"name":"sendRefundProcessedEmail","decl":{"start":{"line":120,"column":22},"end":{"line":120,"column":46}},"loc":{"start":{"line":120,"column":59},"end":{"line":133,"column":1}},"line":120},"10":{"name":"sendPaymentReceiptEmail","decl":{"start":{"line":135,"column":22},"end":{"line":135,"column":45}},"loc":{"start":{"line":135,"column":59},"end":{"line":149,"column":1}},"line":135},"11":{"name":"sendSupplierNewOrderEmail","decl":{"start":{"line":151,"column":22},"end":{"line":151,"column":47}},"loc":{"start":{"line":151,"column":59},"end":{"line":164,"column":1}},"line":151},"12":{"name":"sendInspectionReportEmail","decl":{"start":{"line":166,"column":22},"end":{"line":166,"column":47}},"loc":{"start":{"line":166,"column":64},"end":{"line":181,"column":1}},"line":166},"13":{"name":"sendShipmentUpdateEmail","decl":{"start":{"line":183,"column":22},"end":{"line":183,"column":45}},"loc":{"start":{"line":183,"column":60},"end":{"line":195,"column":1}},"line":183},"14":{"name":"sendAccountVerificationEmail","decl":{"start":{"line":197,"column":22},"end":{"line":197,"column":50}},"loc":{"start":{"line":197,"column":115},"end":{"line":205,"column":1}},"line":197},"15":{"name":"sendSubscriptionRenewalEmail","decl":{"start":{"line":207,"column":22},"end":{"line":207,"column":50}},"loc":{"start":{"line":207,"column":69},"end":{"line":219,"column":1}},"line":207},"16":{"name":"sendRfqResponseEmail","decl":{"start":{"line":221,"column":22},"end":{"line":221,"column":42}},"loc":{"start":{"line":221,"column":52},"end":{"line":234,"column":1}},"line":221},"17":{"name":"sendNewsletterEmail","decl":{"start":{"line":236,"column":22},"end":{"line":236,"column":41}},"loc":{"start":{"line":236,"column":52},"end":{"line":243,"column":1}},"line":236},"18":{"name":"sendGenericEmail","decl":{"start":{"line":245,"column":22},"end":{"line":245,"column":38}},"loc":{"start":{"line":245,"column":58},"end":{"line":247,"column":1}},"line":245}},"branchMap":{"0":{"loc":{"start":{"line":7,"column":8},"end":{"line":7,"column":50}},"type":"binary-expr","locations":[{"start":{"line":7,"column":8},"end":{"line":7,"column":43}},{"start":{"line":7,"column":47},"end":{"line":7,"column":50}}],"line":7},"1":{"loc":{"start":{"line":12,"column":23},"end":{"line":12,"column":74}},"type":"binary-expr","locations":[{"start":{"line":12,"column":23},"end":{"line":12,"column":47}},{"start":{"line":12,"column":51},"end":{"line":12,"column":74}}],"line":12},"2":{"loc":{"start":{"line":13,"column":25},"end":{"line":13,"column":76}},"type":"binary-expr","locations":[{"start":{"line":13,"column":25},"end":{"line":13,"column":49}},{"start":{"line":13,"column":53},"end":{"line":13,"column":76}}],"line":13},"3":{"loc":{"start":{"line":28,"column":43},"end":{"line":28,"column":77}},"type":"default-arg","locations":[{"start":{"line":28,"column":75},"end":{"line":28,"column":77}}],"line":28},"4":{"loc":{"start":{"line":33,"column":21},"end":{"line":33,"column":42}},"type":"binary-expr","locations":[{"start":{"line":33,"column":21},"end":{"line":33,"column":36}},{"start":{"line":33,"column":40},"end":{"line":33,"column":42}}],"line":33},"5":{"loc":{"start":{"line":38,"column":49},"end":{"line":38,"column":98}},"type":"default-arg","locations":[{"start":{"line":38,"column":96},"end":{"line":38,"column":98}}],"line":38},"6":{"loc":{"start":{"line":38,"column":71},"end":{"line":38,"column":91}},"type":"default-arg","locations":[{"start":{"line":38,"column":83},"end":{"line":38,"column":91}}],"line":38},"7":{"loc":{"start":{"line":51,"column":14},"end":{"line":51,"column":53}},"type":"binary-expr","locations":[{"start":{"line":51,"column":14},"end":{"line":51,"column":28}},{"start":{"line":51,"column":32},"end":{"line":51,"column":47}},{"start":{"line":51,"column":51},"end":{"line":51,"column":53}}],"line":51},"8":{"loc":{"start":{"line":52,"column":14},"end":{"line":52,"column":28}},"type":"binary-expr","locations":[{"start":{"line":52,"column":14},"end":{"line":52,"column":22}},{"start":{"line":52,"column":26},"end":{"line":52,"column":28}}],"line":52},"9":{"loc":{"start":{"line":53,"column":15},"end":{"line":53,"column":56}},"type":"binary-expr","locations":[{"start":{"line":53,"column":15},"end":{"line":53,"column":30}},{"start":{"line":53,"column":34},"end":{"line":53,"column":50}},{"start":{"line":53,"column":54},"end":{"line":53,"column":56}}],"line":53},"10":{"loc":{"start":{"line":54,"column":19},"end":{"line":54,"column":68}},"type":"binary-expr","locations":[{"start":{"line":54,"column":19},"end":{"line":54,"column":38}},{"start":{"line":54,"column":42},"end":{"line":54,"column":62}},{"start":{"line":54,"column":66},"end":{"line":54,"column":68}}],"line":54},"11":{"loc":{"start":{"line":56,"column":23},"end":{"line":56,"column":80}},"type":"binary-expr","locations":[{"start":{"line":56,"column":23},"end":{"line":56,"column":46}},{"start":{"line":56,"column":50},"end":{"line":56,"column":74}},{"start":{"line":56,"column":78},"end":{"line":56,"column":80}}],"line":56},"12":{"loc":{"start":{"line":57,"column":17},"end":{"line":57,"column":68}},"type":"binary-expr","locations":[{"start":{"line":57,"column":17},"end":{"line":57,"column":41}},{"start":{"line":57,"column":45},"end":{"line":57,"column":68}}],"line":57},"13":{"loc":{"start":{"line":59,"column":52},"end":{"line":59,"column":66}},"type":"binary-expr","locations":[{"start":{"line":59,"column":52},"end":{"line":59,"column":60}},{"start":{"line":59,"column":64},"end":{"line":59,"column":66}}],"line":59},"14":{"loc":{"start":{"line":65,"column":14},"end":{"line":65,"column":53}},"type":"binary-expr","locations":[{"start":{"line":65,"column":14},"end":{"line":65,"column":28}},{"start":{"line":65,"column":32},"end":{"line":65,"column":47}},{"start":{"line":65,"column":51},"end":{"line":65,"column":53}}],"line":65},"15":{"loc":{"start":{"line":66,"column":14},"end":{"line":66,"column":28}},"type":"binary-expr","locations":[{"start":{"line":66,"column":14},"end":{"line":66,"column":22}},{"start":{"line":66,"column":26},"end":{"line":66,"column":28}}],"line":66},"16":{"loc":{"start":{"line":67,"column":20},"end":{"line":67,"column":71}},"type":"binary-expr","locations":[{"start":{"line":67,"column":20},"end":{"line":67,"column":41}},{"start":{"line":67,"column":45},"end":{"line":67,"column":65}},{"start":{"line":67,"column":69},"end":{"line":67,"column":71}}],"line":67},"17":{"loc":{"start":{"line":68,"column":13},"end":{"line":68,"column":32}},"type":"binary-expr","locations":[{"start":{"line":68,"column":13},"end":{"line":68,"column":26}},{"start":{"line":68,"column":30},"end":{"line":68,"column":32}}],"line":68},"18":{"loc":{"start":{"line":69,"column":14},"end":{"line":69,"column":54}},"type":"binary-expr","locations":[{"start":{"line":69,"column":14},"end":{"line":69,"column":28}},{"start":{"line":69,"column":32},"end":{"line":69,"column":48}},{"start":{"line":69,"column":52},"end":{"line":69,"column":54}}],"line":69},"19":{"loc":{"start":{"line":70,"column":22},"end":{"line":70,"column":77}},"type":"binary-expr","locations":[{"start":{"line":70,"column":22},"end":{"line":70,"column":44}},{"start":{"line":70,"column":48},"end":{"line":70,"column":71}},{"start":{"line":70,"column":75},"end":{"line":70,"column":77}}],"line":70},"20":{"loc":{"start":{"line":71,"column":17},"end":{"line":71,"column":122}},"type":"binary-expr","locations":[{"start":{"line":71,"column":17},"end":{"line":71,"column":34}},{"start":{"line":71,"column":38},"end":{"line":71,"column":56}},{"start":{"line":71,"column":60},"end":{"line":71,"column":122}}],"line":71},"21":{"loc":{"start":{"line":71,"column":63},"end":{"line":71,"column":114}},"type":"binary-expr","locations":[{"start":{"line":71,"column":63},"end":{"line":71,"column":87}},{"start":{"line":71,"column":91},"end":{"line":71,"column":114}}],"line":71},"22":{"loc":{"start":{"line":73,"column":67},"end":{"line":73,"column":112}},"type":"binary-expr","locations":[{"start":{"line":73,"column":67},"end":{"line":73,"column":88}},{"start":{"line":73,"column":92},"end":{"line":73,"column":112}}],"line":73},"23":{"loc":{"start":{"line":79,"column":14},"end":{"line":79,"column":53}},"type":"binary-expr","locations":[{"start":{"line":79,"column":14},"end":{"line":79,"column":28}},{"start":{"line":79,"column":32},"end":{"line":79,"column":47}},{"start":{"line":79,"column":51},"end":{"line":79,"column":53}}],"line":79},"24":{"loc":{"start":{"line":80,"column":14},"end":{"line":80,"column":28}},"type":"binary-expr","locations":[{"start":{"line":80,"column":14},"end":{"line":80,"column":22}},{"start":{"line":80,"column":26},"end":{"line":80,"column":28}}],"line":80},"25":{"loc":{"start":{"line":81,"column":18},"end":{"line":81,"column":64}},"type":"binary-expr","locations":[{"start":{"line":81,"column":18},"end":{"line":81,"column":36}},{"start":{"line":81,"column":40},"end":{"line":81,"column":58}},{"start":{"line":81,"column":62},"end":{"line":81,"column":64}}],"line":81},"26":{"loc":{"start":{"line":82,"column":18},"end":{"line":82,"column":41}},"type":"binary-expr","locations":[{"start":{"line":82,"column":18},"end":{"line":82,"column":36}},{"start":{"line":82,"column":40},"end":{"line":82,"column":41}}],"line":82},"27":{"loc":{"start":{"line":83,"column":17},"end":{"line":83,"column":68}},"type":"binary-expr","locations":[{"start":{"line":83,"column":17},"end":{"line":83,"column":41}},{"start":{"line":83,"column":45},"end":{"line":83,"column":68}}],"line":83},"28":{"loc":{"start":{"line":84,"column":18},"end":{"line":84,"column":69}},"type":"binary-expr","locations":[{"start":{"line":84,"column":18},"end":{"line":84,"column":42}},{"start":{"line":84,"column":46},"end":{"line":84,"column":69}}],"line":84},"29":{"loc":{"start":{"line":85,"column":19},"end":{"line":85,"column":70}},"type":"binary-expr","locations":[{"start":{"line":85,"column":19},"end":{"line":85,"column":43}},{"start":{"line":85,"column":47},"end":{"line":85,"column":70}}],"line":85},"30":{"loc":{"start":{"line":87,"column":66},"end":{"line":87,"column":80}},"type":"binary-expr","locations":[{"start":{"line":87,"column":66},"end":{"line":87,"column":74}},{"start":{"line":87,"column":78},"end":{"line":87,"column":80}}],"line":87},"31":{"loc":{"start":{"line":93,"column":14},"end":{"line":93,"column":57}},"type":"binary-expr","locations":[{"start":{"line":93,"column":14},"end":{"line":93,"column":30}},{"start":{"line":93,"column":34},"end":{"line":93,"column":51}},{"start":{"line":93,"column":55},"end":{"line":93,"column":57}}],"line":93},"32":{"loc":{"start":{"line":94,"column":16},"end":{"line":94,"column":32}},"type":"binary-expr","locations":[{"start":{"line":94,"column":16},"end":{"line":94,"column":26}},{"start":{"line":94,"column":30},"end":{"line":94,"column":32}}],"line":94},"33":{"loc":{"start":{"line":95,"column":14},"end":{"line":95,"column":55}},"type":"binary-expr","locations":[{"start":{"line":95,"column":14},"end":{"line":95,"column":29}},{"start":{"line":95,"column":33},"end":{"line":95,"column":49}},{"start":{"line":95,"column":53},"end":{"line":95,"column":55}}],"line":95},"34":{"loc":{"start":{"line":96,"column":19},"end":{"line":96,"column":39}},"type":"binary-expr","locations":[{"start":{"line":96,"column":19},"end":{"line":96,"column":33}},{"start":{"line":96,"column":37},"end":{"line":96,"column":39}}],"line":96},"35":{"loc":{"start":{"line":97,"column":16},"end":{"line":97,"column":62}},"type":"binary-expr","locations":[{"start":{"line":97,"column":16},"end":{"line":97,"column":34}},{"start":{"line":97,"column":38},"end":{"line":97,"column":56}},{"start":{"line":97,"column":60},"end":{"line":97,"column":62}}],"line":97},"36":{"loc":{"start":{"line":98,"column":16},"end":{"line":98,"column":39}},"type":"binary-expr","locations":[{"start":{"line":98,"column":16},"end":{"line":98,"column":34}},{"start":{"line":98,"column":38},"end":{"line":98,"column":39}}],"line":98},"37":{"loc":{"start":{"line":99,"column":19},"end":{"line":99,"column":70}},"type":"binary-expr","locations":[{"start":{"line":99,"column":19},"end":{"line":99,"column":43}},{"start":{"line":99,"column":47},"end":{"line":99,"column":70}}],"line":99},"38":{"loc":{"start":{"line":101,"column":51},"end":{"line":101,"column":67}},"type":"binary-expr","locations":[{"start":{"line":101,"column":51},"end":{"line":101,"column":61}},{"start":{"line":101,"column":65},"end":{"line":101,"column":67}}],"line":101},"39":{"loc":{"start":{"line":107,"column":14},"end":{"line":107,"column":57}},"type":"binary-expr","locations":[{"start":{"line":107,"column":14},"end":{"line":107,"column":30}},{"start":{"line":107,"column":34},"end":{"line":107,"column":51}},{"start":{"line":107,"column":55},"end":{"line":107,"column":57}}],"line":107},"40":{"loc":{"start":{"line":108,"column":16},"end":{"line":108,"column":32}},"type":"binary-expr","locations":[{"start":{"line":108,"column":16},"end":{"line":108,"column":26}},{"start":{"line":108,"column":30},"end":{"line":108,"column":32}}],"line":108},"41":{"loc":{"start":{"line":109,"column":14},"end":{"line":109,"column":55}},"type":"binary-expr","locations":[{"start":{"line":109,"column":14},"end":{"line":109,"column":29}},{"start":{"line":109,"column":33},"end":{"line":109,"column":49}},{"start":{"line":109,"column":53},"end":{"line":109,"column":55}}],"line":109},"42":{"loc":{"start":{"line":110,"column":16},"end":{"line":110,"column":40}},"type":"binary-expr","locations":[{"start":{"line":110,"column":16},"end":{"line":110,"column":34}},{"start":{"line":110,"column":38},"end":{"line":110,"column":40}}],"line":110},"43":{"loc":{"start":{"line":111,"column":20},"end":{"line":111,"column":75}},"type":"binary-expr","locations":[{"start":{"line":111,"column":20},"end":{"line":111,"column":42}},{"start":{"line":111,"column":46},"end":{"line":111,"column":69}},{"start":{"line":111,"column":73},"end":{"line":111,"column":75}}],"line":111},"44":{"loc":{"start":{"line":112,"column":18},"end":{"line":112,"column":67}},"type":"binary-expr","locations":[{"start":{"line":112,"column":18},"end":{"line":112,"column":38}},{"start":{"line":112,"column":42},"end":{"line":112,"column":61}},{"start":{"line":112,"column":65},"end":{"line":112,"column":67}}],"line":112},"45":{"loc":{"start":{"line":113,"column":18},"end":{"line":113,"column":69}},"type":"binary-expr","locations":[{"start":{"line":113,"column":18},"end":{"line":113,"column":38}},{"start":{"line":113,"column":42},"end":{"line":113,"column":63}},{"start":{"line":113,"column":67},"end":{"line":113,"column":69}}],"line":113},"46":{"loc":{"start":{"line":114,"column":16},"end":{"line":114,"column":39}},"type":"binary-expr","locations":[{"start":{"line":114,"column":16},"end":{"line":114,"column":34}},{"start":{"line":114,"column":38},"end":{"line":114,"column":39}}],"line":114},"47":{"loc":{"start":{"line":115,"column":19},"end":{"line":115,"column":70}},"type":"binary-expr","locations":[{"start":{"line":115,"column":19},"end":{"line":115,"column":43}},{"start":{"line":115,"column":47},"end":{"line":115,"column":70}}],"line":115},"48":{"loc":{"start":{"line":117,"column":53},"end":{"line":117,"column":69}},"type":"binary-expr","locations":[{"start":{"line":117,"column":53},"end":{"line":117,"column":63}},{"start":{"line":117,"column":67},"end":{"line":117,"column":69}}],"line":117},"49":{"loc":{"start":{"line":123,"column":14},"end":{"line":123,"column":55}},"type":"binary-expr","locations":[{"start":{"line":123,"column":14},"end":{"line":123,"column":29}},{"start":{"line":123,"column":33},"end":{"line":123,"column":49}},{"start":{"line":123,"column":53},"end":{"line":123,"column":55}}],"line":123},"50":{"loc":{"start":{"line":124,"column":14},"end":{"line":124,"column":53}},"type":"binary-expr","locations":[{"start":{"line":124,"column":14},"end":{"line":124,"column":28}},{"start":{"line":124,"column":32},"end":{"line":124,"column":47}},{"start":{"line":124,"column":51},"end":{"line":124,"column":53}}],"line":124},"51":{"loc":{"start":{"line":126,"column":18},"end":{"line":126,"column":62}},"type":"binary-expr","locations":[{"start":{"line":126,"column":18},"end":{"line":126,"column":31}},{"start":{"line":126,"column":35},"end":{"line":126,"column":56}},{"start":{"line":126,"column":60},"end":{"line":126,"column":62}}],"line":126},"52":{"loc":{"start":{"line":127,"column":21},"end":{"line":127,"column":56}},"type":"binary-expr","locations":[{"start":{"line":127,"column":21},"end":{"line":127,"column":37}},{"start":{"line":127,"column":41},"end":{"line":127,"column":50}},{"start":{"line":127,"column":54},"end":{"line":127,"column":56}}],"line":127},"53":{"loc":{"start":{"line":128,"column":20},"end":{"line":128,"column":73}},"type":"binary-expr","locations":[{"start":{"line":128,"column":20},"end":{"line":128,"column":41}},{"start":{"line":128,"column":45},"end":{"line":128,"column":67}},{"start":{"line":128,"column":71},"end":{"line":128,"column":73}}],"line":128},"54":{"loc":{"start":{"line":129,"column":16},"end":{"line":129,"column":38}},"type":"binary-expr","locations":[{"start":{"line":129,"column":16},"end":{"line":129,"column":33}},{"start":{"line":129,"column":37},"end":{"line":129,"column":38}}],"line":129},"55":{"loc":{"start":{"line":130,"column":17},"end":{"line":130,"column":68}},"type":"binary-expr","locations":[{"start":{"line":130,"column":17},"end":{"line":130,"column":41}},{"start":{"line":130,"column":45},"end":{"line":130,"column":68}}],"line":130},"56":{"loc":{"start":{"line":130,"column":79},"end":{"line":130,"column":112}},"type":"binary-expr","locations":[{"start":{"line":130,"column":79},"end":{"line":130,"column":93}},{"start":{"line":130,"column":97},"end":{"line":130,"column":112}}],"line":130},"57":{"loc":{"start":{"line":132,"column":59},"end":{"line":132,"column":98}},"type":"binary-expr","locations":[{"start":{"line":132,"column":59},"end":{"line":132,"column":73}},{"start":{"line":132,"column":77},"end":{"line":132,"column":92}},{"start":{"line":132,"column":96},"end":{"line":132,"column":98}}],"line":132},"58":{"loc":{"start":{"line":138,"column":14},"end":{"line":138,"column":57}},"type":"binary-expr","locations":[{"start":{"line":138,"column":14},"end":{"line":138,"column":30}},{"start":{"line":138,"column":34},"end":{"line":138,"column":51}},{"start":{"line":138,"column":55},"end":{"line":138,"column":57}}],"line":138},"59":{"loc":{"start":{"line":139,"column":15},"end":{"line":139,"column":31}},"type":"binary-expr","locations":[{"start":{"line":139,"column":15},"end":{"line":139,"column":25}},{"start":{"line":139,"column":29},"end":{"line":139,"column":31}}],"line":139},"60":{"loc":{"start":{"line":140,"column":14},"end":{"line":140,"column":55}},"type":"binary-expr","locations":[{"start":{"line":140,"column":14},"end":{"line":140,"column":29}},{"start":{"line":140,"column":33},"end":{"line":140,"column":49}},{"start":{"line":140,"column":53},"end":{"line":140,"column":55}}],"line":140},"61":{"loc":{"start":{"line":141,"column":17},"end":{"line":141,"column":64}},"type":"binary-expr","locations":[{"start":{"line":141,"column":17},"end":{"line":141,"column":36}},{"start":{"line":141,"column":40},"end":{"line":141,"column":58}},{"start":{"line":141,"column":62},"end":{"line":141,"column":64}}],"line":141},"62":{"loc":{"start":{"line":142,"column":19},"end":{"line":142,"column":65}},"type":"binary-expr","locations":[{"start":{"line":142,"column":19},"end":{"line":142,"column":33}},{"start":{"line":142,"column":37},"end":{"line":142,"column":59}},{"start":{"line":142,"column":63},"end":{"line":142,"column":65}}],"line":142},"63":{"loc":{"start":{"line":144,"column":9},"end":{"line":144,"column":25}},"type":"binary-expr","locations":[{"start":{"line":144,"column":9},"end":{"line":144,"column":20}},{"start":{"line":144,"column":24},"end":{"line":144,"column":25}}],"line":144},"64":{"loc":{"start":{"line":145,"column":15},"end":{"line":145,"column":46}},"type":"binary-expr","locations":[{"start":{"line":145,"column":15},"end":{"line":145,"column":28}},{"start":{"line":145,"column":32},"end":{"line":145,"column":46}}],"line":145},"65":{"loc":{"start":{"line":146,"column":19},"end":{"line":146,"column":70}},"type":"binary-expr","locations":[{"start":{"line":146,"column":19},"end":{"line":146,"column":43}},{"start":{"line":146,"column":47},"end":{"line":146,"column":70}}],"line":146},"66":{"loc":{"start":{"line":154,"column":18},"end":{"line":154,"column":65}},"type":"binary-expr","locations":[{"start":{"line":154,"column":18},"end":{"line":154,"column":36}},{"start":{"line":154,"column":40},"end":{"line":154,"column":59}},{"start":{"line":154,"column":63},"end":{"line":154,"column":65}}],"line":154},"67":{"loc":{"start":{"line":155,"column":14},"end":{"line":155,"column":28}},"type":"binary-expr","locations":[{"start":{"line":155,"column":14},"end":{"line":155,"column":22}},{"start":{"line":155,"column":26},"end":{"line":155,"column":28}}],"line":155},"68":{"loc":{"start":{"line":156,"column":15},"end":{"line":156,"column":56}},"type":"binary-expr","locations":[{"start":{"line":156,"column":15},"end":{"line":156,"column":30}},{"start":{"line":156,"column":34},"end":{"line":156,"column":50}},{"start":{"line":156,"column":54},"end":{"line":156,"column":56}}],"line":156},"69":{"loc":{"start":{"line":157,"column":15},"end":{"line":157,"column":56}},"type":"binary-expr","locations":[{"start":{"line":157,"column":15},"end":{"line":157,"column":30}},{"start":{"line":157,"column":34},"end":{"line":157,"column":50}},{"start":{"line":157,"column":54},"end":{"line":157,"column":56}}],"line":157},"70":{"loc":{"start":{"line":158,"column":16},"end":{"line":158,"column":60}},"type":"binary-expr","locations":[{"start":{"line":158,"column":16},"end":{"line":158,"column":32}},{"start":{"line":158,"column":36},"end":{"line":158,"column":54}},{"start":{"line":158,"column":58},"end":{"line":158,"column":60}}],"line":158},"71":{"loc":{"start":{"line":160,"column":17},"end":{"line":160,"column":68}},"type":"binary-expr","locations":[{"start":{"line":160,"column":17},"end":{"line":160,"column":41}},{"start":{"line":160,"column":45},"end":{"line":160,"column":68}}],"line":160},"72":{"loc":{"start":{"line":161,"column":21},"end":{"line":161,"column":72}},"type":"binary-expr","locations":[{"start":{"line":161,"column":21},"end":{"line":161,"column":45}},{"start":{"line":161,"column":49},"end":{"line":161,"column":72}}],"line":161},"73":{"loc":{"start":{"line":163,"column":55},"end":{"line":163,"column":69}},"type":"binary-expr","locations":[{"start":{"line":163,"column":55},"end":{"line":163,"column":63}},{"start":{"line":163,"column":67},"end":{"line":163,"column":69}}],"line":163},"74":{"loc":{"start":{"line":169,"column":14},"end":{"line":169,"column":63}},"type":"binary-expr","locations":[{"start":{"line":169,"column":14},"end":{"line":169,"column":33}},{"start":{"line":169,"column":37},"end":{"line":169,"column":57}},{"start":{"line":169,"column":61},"end":{"line":169,"column":63}}],"line":169},"75":{"loc":{"start":{"line":170,"column":19},"end":{"line":170,"column":38}},"type":"binary-expr","locations":[{"start":{"line":170,"column":19},"end":{"line":170,"column":32}},{"start":{"line":170,"column":36},"end":{"line":170,"column":38}}],"line":170},"76":{"loc":{"start":{"line":171,"column":14},"end":{"line":171,"column":61}},"type":"binary-expr","locations":[{"start":{"line":171,"column":14},"end":{"line":171,"column":32}},{"start":{"line":171,"column":36},"end":{"line":171,"column":55}},{"start":{"line":171,"column":59},"end":{"line":171,"column":61}}],"line":171},"77":{"loc":{"start":{"line":172,"column":19},"end":{"line":172,"column":78}},"type":"binary-expr","locations":[{"start":{"line":172,"column":19},"end":{"line":172,"column":43}},{"start":{"line":172,"column":47},"end":{"line":172,"column":72}},{"start":{"line":172,"column":76},"end":{"line":172,"column":78}}],"line":172},"78":{"loc":{"start":{"line":173,"column":20},"end":{"line":173,"column":78}},"type":"binary-expr","locations":[{"start":{"line":173,"column":20},"end":{"line":173,"column":45}},{"start":{"line":173,"column":49},"end":{"line":173,"column":72}},{"start":{"line":173,"column":76},"end":{"line":173,"column":78}}],"line":173},"79":{"loc":{"start":{"line":174,"column":19},"end":{"line":174,"column":42}},"type":"binary-expr","locations":[{"start":{"line":174,"column":19},"end":{"line":174,"column":36}},{"start":{"line":174,"column":40},"end":{"line":174,"column":42}}],"line":174},"80":{"loc":{"start":{"line":175,"column":17},"end":{"line":175,"column":69}},"type":"cond-expr","locations":[{"start":{"line":175,"column":48},"end":{"line":175,"column":57}},{"start":{"line":175,"column":60},"end":{"line":175,"column":69}}],"line":175},"81":{"loc":{"start":{"line":176,"column":11},"end":{"line":176,"column":32}},"type":"binary-expr","locations":[{"start":{"line":176,"column":11},"end":{"line":176,"column":27}},{"start":{"line":176,"column":31},"end":{"line":176,"column":32}}],"line":176},"82":{"loc":{"start":{"line":177,"column":23},"end":{"line":177,"column":47}},"type":"binary-expr","locations":[{"start":{"line":177,"column":23},"end":{"line":177,"column":41}},{"start":{"line":177,"column":45},"end":{"line":177,"column":47}}],"line":177},"83":{"loc":{"start":{"line":178,"column":18},"end":{"line":178,"column":69}},"type":"binary-expr","locations":[{"start":{"line":178,"column":18},"end":{"line":178,"column":42}},{"start":{"line":178,"column":46},"end":{"line":178,"column":69}}],"line":178},"84":{"loc":{"start":{"line":180,"column":60},"end":{"line":180,"column":79}},"type":"binary-expr","locations":[{"start":{"line":180,"column":60},"end":{"line":180,"column":73}},{"start":{"line":180,"column":77},"end":{"line":180,"column":79}}],"line":180},"85":{"loc":{"start":{"line":186,"column":14},"end":{"line":186,"column":59}},"type":"binary-expr","locations":[{"start":{"line":186,"column":14},"end":{"line":186,"column":31}},{"start":{"line":186,"column":35},"end":{"line":186,"column":53}},{"start":{"line":186,"column":57},"end":{"line":186,"column":59}}],"line":186},"86":{"loc":{"start":{"line":187,"column":20},"end":{"line":187,"column":77}},"type":"binary-expr","locations":[{"start":{"line":187,"column":20},"end":{"line":187,"column":44}},{"start":{"line":187,"column":48},"end":{"line":187,"column":71}},{"start":{"line":187,"column":75},"end":{"line":187,"column":77}}],"line":187},"87":{"loc":{"start":{"line":188,"column":20},"end":{"line":188,"column":41}},"type":"binary-expr","locations":[{"start":{"line":188,"column":20},"end":{"line":188,"column":35}},{"start":{"line":188,"column":39},"end":{"line":188,"column":41}}],"line":188},"88":{"loc":{"start":{"line":189,"column":21},"end":{"line":189,"column":80}},"type":"binary-expr","locations":[{"start":{"line":189,"column":21},"end":{"line":189,"column":45}},{"start":{"line":189,"column":49},"end":{"line":189,"column":74}},{"start":{"line":189,"column":78},"end":{"line":189,"column":80}}],"line":189},"89":{"loc":{"start":{"line":190,"column":17},"end":{"line":190,"column":66}},"type":"binary-expr","locations":[{"start":{"line":190,"column":17},"end":{"line":190,"column":37}},{"start":{"line":190,"column":41},"end":{"line":190,"column":60}},{"start":{"line":190,"column":64},"end":{"line":190,"column":66}}],"line":190},"90":{"loc":{"start":{"line":191,"column":23},"end":{"line":191,"column":86}},"type":"binary-expr","locations":[{"start":{"line":191,"column":23},"end":{"line":191,"column":49}},{"start":{"line":191,"column":53},"end":{"line":191,"column":80}},{"start":{"line":191,"column":84},"end":{"line":191,"column":86}}],"line":191},"91":{"loc":{"start":{"line":192,"column":17},"end":{"line":192,"column":183}},"type":"binary-expr","locations":[{"start":{"line":192,"column":17},"end":{"line":192,"column":37}},{"start":{"line":192,"column":41},"end":{"line":192,"column":62}},{"start":{"line":192,"column":66},"end":{"line":192,"column":183}}],"line":192},"92":{"loc":{"start":{"line":192,"column":69},"end":{"line":192,"column":120}},"type":"binary-expr","locations":[{"start":{"line":192,"column":69},"end":{"line":192,"column":93}},{"start":{"line":192,"column":97},"end":{"line":192,"column":120}}],"line":192},"93":{"loc":{"start":{"line":192,"column":130},"end":{"line":192,"column":181}},"type":"binary-expr","locations":[{"start":{"line":192,"column":130},"end":{"line":192,"column":154}},{"start":{"line":192,"column":158},"end":{"line":192,"column":181}}],"line":192},"94":{"loc":{"start":{"line":194,"column":50},"end":{"line":194,"column":101}},"type":"binary-expr","locations":[{"start":{"line":194,"column":50},"end":{"line":194,"column":74}},{"start":{"line":194,"column":78},"end":{"line":194,"column":101}}],"line":194},"95":{"loc":{"start":{"line":197,"column":55},"end":{"line":197,"column":113}},"type":"default-arg","locations":[{"start":{"line":197,"column":111},"end":{"line":197,"column":113}}],"line":197},"96":{"loc":{"start":{"line":197,"column":84},"end":{"line":197,"column":106}},"type":"default-arg","locations":[{"start":{"line":197,"column":96},"end":{"line":197,"column":106}}],"line":197},"97":{"loc":{"start":{"line":210,"column":14},"end":{"line":210,"column":67}},"type":"binary-expr","locations":[{"start":{"line":210,"column":14},"end":{"line":210,"column":35}},{"start":{"line":210,"column":39},"end":{"line":210,"column":61}},{"start":{"line":210,"column":65},"end":{"line":210,"column":67}}],"line":210},"98":{"loc":{"start":{"line":211,"column":14},"end":{"line":211,"column":67}},"type":"binary-expr","locations":[{"start":{"line":211,"column":14},"end":{"line":211,"column":35}},{"start":{"line":211,"column":39},"end":{"line":211,"column":61}},{"start":{"line":211,"column":65},"end":{"line":211,"column":67}}],"line":211},"99":{"loc":{"start":{"line":212,"column":19},"end":{"line":212,"column":82}},"type":"binary-expr","locations":[{"start":{"line":212,"column":19},"end":{"line":212,"column":45}},{"start":{"line":212,"column":49},"end":{"line":212,"column":76}},{"start":{"line":212,"column":80},"end":{"line":212,"column":82}}],"line":212},"100":{"loc":{"start":{"line":213,"column":17},"end":{"line":213,"column":76}},"type":"binary-expr","locations":[{"start":{"line":213,"column":17},"end":{"line":213,"column":41}},{"start":{"line":213,"column":45},"end":{"line":213,"column":70}},{"start":{"line":213,"column":74},"end":{"line":213,"column":76}}],"line":213},"101":{"loc":{"start":{"line":215,"column":15},"end":{"line":215,"column":83}},"type":"cond-expr","locations":[{"start":{"line":215,"column":54},"end":{"line":215,"column":76}},{"start":{"line":215,"column":79},"end":{"line":215,"column":83}}],"line":215},"102":{"loc":{"start":{"line":216,"column":24},"end":{"line":216,"column":75}},"type":"binary-expr","locations":[{"start":{"line":216,"column":24},"end":{"line":216,"column":48}},{"start":{"line":216,"column":52},"end":{"line":216,"column":75}}],"line":216},"103":{"loc":{"start":{"line":218,"column":45},"end":{"line":218,"column":98}},"type":"cond-expr","locations":[{"start":{"line":218,"column":70},"end":{"line":218,"column":79}},{"start":{"line":218,"column":82},"end":{"line":218,"column":98}}],"line":218},"104":{"loc":{"start":{"line":218,"column":104},"end":{"line":218,"column":151}},"type":"binary-expr","locations":[{"start":{"line":218,"column":104},"end":{"line":218,"column":125}},{"start":{"line":218,"column":129},"end":{"line":218,"column":151}}],"line":218},"105":{"loc":{"start":{"line":224,"column":14},"end":{"line":224,"column":49}},"type":"binary-expr","locations":[{"start":{"line":224,"column":14},"end":{"line":224,"column":26}},{"start":{"line":224,"column":30},"end":{"line":224,"column":43}},{"start":{"line":224,"column":47},"end":{"line":224,"column":49}}],"line":224},"106":{"loc":{"start":{"line":225,"column":12},"end":{"line":225,"column":24}},"type":"binary-expr","locations":[{"start":{"line":225,"column":12},"end":{"line":225,"column":18}},{"start":{"line":225,"column":22},"end":{"line":225,"column":24}}],"line":225},"107":{"loc":{"start":{"line":226,"column":18},"end":{"line":226,"column":61}},"type":"binary-expr","locations":[{"start":{"line":226,"column":18},"end":{"line":226,"column":34}},{"start":{"line":226,"column":38},"end":{"line":226,"column":55}},{"start":{"line":226,"column":59},"end":{"line":226,"column":61}}],"line":226},"108":{"loc":{"start":{"line":227,"column":17},"end":{"line":227,"column":58}},"type":"binary-expr","locations":[{"start":{"line":227,"column":17},"end":{"line":227,"column":32}},{"start":{"line":227,"column":36},"end":{"line":227,"column":52}},{"start":{"line":227,"column":56},"end":{"line":227,"column":58}}],"line":227},"109":{"loc":{"start":{"line":228,"column":15},"end":{"line":228,"column":52}},"type":"binary-expr","locations":[{"start":{"line":228,"column":15},"end":{"line":228,"column":28}},{"start":{"line":228,"column":32},"end":{"line":228,"column":46}},{"start":{"line":228,"column":50},"end":{"line":228,"column":52}}],"line":228},"110":{"loc":{"start":{"line":229,"column":14},"end":{"line":229,"column":49}},"type":"binary-expr","locations":[{"start":{"line":229,"column":14},"end":{"line":229,"column":26}},{"start":{"line":229,"column":30},"end":{"line":229,"column":43}},{"start":{"line":229,"column":47},"end":{"line":229,"column":49}}],"line":229},"111":{"loc":{"start":{"line":230,"column":16},"end":{"line":230,"column":55}},"type":"binary-expr","locations":[{"start":{"line":230,"column":16},"end":{"line":230,"column":30}},{"start":{"line":230,"column":34},"end":{"line":230,"column":49}},{"start":{"line":230,"column":53},"end":{"line":230,"column":55}}],"line":230},"112":{"loc":{"start":{"line":231,"column":15},"end":{"line":231,"column":66}},"type":"binary-expr","locations":[{"start":{"line":231,"column":15},"end":{"line":231,"column":39}},{"start":{"line":231,"column":43},"end":{"line":231,"column":66}}],"line":231},"113":{"loc":{"start":{"line":233,"column":56},"end":{"line":233,"column":68}},"type":"binary-expr","locations":[{"start":{"line":233,"column":56},"end":{"line":233,"column":62}},{"start":{"line":233,"column":66},"end":{"line":233,"column":68}}],"line":233},"114":{"loc":{"start":{"line":240,"column":20},"end":{"line":240,"column":111}},"type":"binary-expr","locations":[{"start":{"line":240,"column":20},"end":{"line":240,"column":39}},{"start":{"line":240,"column":43},"end":{"line":240,"column":111}}],"line":240},"115":{"loc":{"start":{"line":240,"column":46},"end":{"line":240,"column":97}},"type":"binary-expr","locations":[{"start":{"line":240,"column":46},"end":{"line":240,"column":70}},{"start":{"line":240,"column":74},"end":{"line":240,"column":97}}],"line":240},"116":{"loc":{"start":{"line":242,"column":29},"end":{"line":242,"column":98}},"type":"binary-expr","locations":[{"start":{"line":242,"column":29},"end":{"line":242,"column":41}},{"start":{"line":242,"column":45},"end":{"line":242,"column":65}},{"start":{"line":242,"column":69},"end":{"line":242,"column":98}}],"line":242}},"s":{"0":4,"1":4,"2":4,"3":29,"4":30,"5":9,"6":9,"7":5,"8":5,"9":4,"10":4,"11":2,"12":2,"13":1,"14":1,"15":1,"16":1,"17":0,"18":0,"19":2,"20":2,"21":1,"22":1,"23":0,"24":0,"25":0,"26":0,"27":1,"28":1,"29":3,"30":3,"31":0,"32":0,"33":0,"34":0,"35":0,"36":0,"37":1},"f":{"0":29,"1":30,"2":9,"3":5,"4":4,"5":2,"6":1,"7":1,"8":0,"9":2,"10":1,"11":0,"12":0,"13":1,"14":3,"15":0,"16":0,"17":0,"18":1},"b":{"0":[4,0],"1":[4,0],"2":[4,0],"3":[0],"4":[9,5],"5":[0],"6":[4],"7":[4,3,3],"8":[4,0],"9":[4,4,4],"10":[4,4,4],"11":[4,4,4],"12":[4,0],"13":[4,0],"14":[2,1,1],"15":[2,0],"16":[2,2,0],"17":[2,1],"18":[2,2,2],"19":[2,2,2],"20":[2,2,2],"21":[2,0],"22":[2,2],"23":[1,0,0],"24":[1,0],"25":[1,1,1],"26":[1,1],"27":[1,0],"28":[1,0],"29":[1,0],"30":[1,0],"31":[1,0,0],"32":[1,0],"33":[1,0,0],"34":[1,0],"35":[1,1,1],"36":[1,1],"37":[1,0],"38":[1,0],"39":[0,0,0],"40":[0,0],"41":[0,0,0],"42":[0,0],"43":[0,0,0],"44":[0,0,0],"45":[0,0,0],"46":[0,0],"47":[0,0],"48":[0,0],"49":[2,1,1],"50":[2,1,1],"51":[2,2,2],"52":[2,2,0],"53":[2,2,2],"54":[2,2],"55":[2,0],"56":[2,1],"57":[2,1,1],"58":[1,0,0],"59":[1,0],"60":[1,1,1],"61":[1,1,1],"62":[1,1,1],"63":[1,1],"64":[1,1],"65":[1,0],"66":[0,0,0],"67":[0,0],"68":[0,0,0],"69":[0,0,0],"70":[0,0,0],"71":[0,0],"72":[0,0],"73":[0,0],"74":[0,0,0],"75":[0,0],"76":[0,0,0],"77":[0,0,0],"78":[0,0,0],"79":[0,0],"80":[0,0],"81":[0,0],"82":[0,0],"83":[0,0],"84":[0,0],"85":[1,0,0],"86":[1,1,0],"87":[1,0],"88":[1,1,1],"89":[1,1,1],"90":[1,1,1],"91":[1,1,1],"92":[1,0],"93":[1,1],"94":[1,1],"95":[0],"96":[3],"97":[0,0,0],"98":[0,0,0],"99":[0,0,0],"100":[0,0,0],"101":[0,0],"102":[0,0],"103":[0,0],"104":[0,0],"105":[0,0,0],"106":[0,0],"107":[0,0,0],"108":[0,0,0],"109":[0,0,0],"110":[0,0,0],"111":[0,0,0],"112":[0,0],"113":[0,0],"114":[0,0],"115":[0,0],"116":[0,0,0]},"_coverageSchema":"1a1c01bbd47fc00a2c39e90264f33305004495a9","hash":"12d886cca2fbf6c4b9846d6d1d4c27ff8453a62b"}
,"/home/runner/work/GlobexSky/GlobexSky/backend/services/featureToggle.service.js": {"path":"/home/runner/work/GlobexSky/GlobexSky/backend/services/featureToggle.service.js","statementMap":{"0":{"start":{"line":4,"column":20},"end":{"line":23,"column":2}},"1":{"start":{"line":27,"column":2},"end":{"line":27,"column":57}},"2":{"start":{"line":32,"column":17},"end":{"line":32,"column":37}},"3":{"start":{"line":33,"column":2},"end":{"line":33,"column":69}},"4":{"start":{"line":33,"column":15},"end":{"line":33,"column":69}},"5":{"start":{"line":34,"column":2},"end":{"line":34,"column":27}},"6":{"start":{"line":39,"column":2},"end":{"line":39,"column":98}},"7":{"start":{"line":39,"column":33},"end":{"line":39,"column":98}},"8":{"start":{"line":40,"column":17},"end":{"line":50,"column":3}},"9":{"start":{"line":51,"column":2},"end":{"line":51,"column":38}},"10":{"start":{"line":52,"column":2},"end":{"line":52,"column":27}},"11":{"start":{"line":57,"column":17},"end":{"line":57,"column":37}},"12":{"start":{"line":58,"column":2},"end":{"line":58,"column":69}},"13":{"start":{"line":58,"column":15},"end":{"line":58,"column":69}},"14":{"start":{"line":60,"column":20},"end":{"line":60,"column":100}},"15":{"start":{"line":61,"column":2},"end":{"line":63,"column":3}},"16":{"start":{"line":62,"column":4},"end":{"line":62,"column":69}},"17":{"start":{"line":62,"column":38},"end":{"line":62,"column":69}},"18":{"start":{"line":64,"column":2},"end":{"line":64,"column":103}},"19":{"start":{"line":65,"column":2},"end":{"line":65,"column":27}},"20":{"start":{"line":70,"column":2},"end":{"line":70,"column":83}},"21":{"start":{"line":70,"column":29},"end":{"line":70,"column":83}},"22":{"start":{"line":71,"column":2},"end":{"line":71,"column":26}},"23":{"start":{"line":72,"column":2},"end":{"line":72,"column":26}},"24":{"start":{"line":77,"column":17},"end":{"line":77,"column":37}},"25":{"start":{"line":78,"column":2},"end":{"line":78,"column":67}},"26":{"start":{"line":78,"column":15},"end":{"line":78,"column":67}},"27":{"start":{"line":80,"column":14},"end":{"line":80,"column":66}},"28":{"start":{"line":83,"column":2},"end":{"line":85,"column":3}},"29":{"start":{"line":84,"column":4},"end":{"line":84,"column":67}},"30":{"start":{"line":88,"column":2},"end":{"line":90,"column":3}},"31":{"start":{"line":89,"column":4},"end":{"line":89,"column":93}},"32":{"start":{"line":93,"column":2},"end":{"line":97,"column":3}},"33":{"start":{"line":94,"column":19},"end":{"line":94,"column":33}},"34":{"start":{"line":95,"column":20},"end":{"line":95,"column":66}},"35":{"start":{"line":96,"column":4},"end":{"line":96,"column":94}},"36":{"start":{"line":100,"column":2},"end":{"line":107,"column":3}},"37":{"start":{"line":101,"column":4},"end":{"line":101,"column":76}},"38":{"start":{"line":101,"column":25},"end":{"line":101,"column":76}},"39":{"start":{"line":102,"column":19},"end":{"line":102,"column":48}},"40":{"start":{"line":103,"column":17},"end":{"line":103,"column":85}},"41":{"start":{"line":104,"column":20},"end":{"line":104,"column":56}},"42":{"start":{"line":105,"column":20},"end":{"line":105,"column":53}},"43":{"start":{"line":106,"column":4},"end":{"line":106,"column":88}},"44":{"start":{"line":109,"column":2},"end":{"line":109,"column":61}},"45":{"start":{"line":114,"column":32},"end":{"line":114,"column":38}},"46":{"start":{"line":115,"column":2},"end":{"line":115,"column":53}},"47":{"start":{"line":120,"column":17},"end":{"line":120,"column":37}},"48":{"start":{"line":121,"column":2},"end":{"line":121,"column":69}},"49":{"start":{"line":121,"column":15},"end":{"line":121,"column":69}},"50":{"start":{"line":122,"column":2},"end":{"line":122,"column":25}}},"fnMap":{"0":{"name":"getToggles","decl":{"start":{"line":26,"column":16},"end":{"line":26,"column":26}},"loc":{"start":{"line":26,"column":29},"end":{"line":28,"column":1}},"line":26},"1":{"name":"getToggle","decl":{"start":{"line":31,"column":16},"end":{"line":31,"column":25}},"loc":{"start":{"line":31,"column":31},"end":{"line":35,"column":1}},"line":31},"2":{"name":"createToggle","decl":{"start":{"line":38,"column":16},"end":{"line":38,"column":28}},"loc":{"start":{"line":
[...]
88}},"71":{"start":{"line":260,"column":36},"end":{"line":260,"column":53}},"72":{"start":{"line":260,"column":72},"end":{"line":260,"column":84}},"73":{"start":{"line":261,"column":24},"end":{"line":261,"column":102}},"74":{"start":{"line":261,"column":38},"end":{"line":261,"column":57}},"75":{"start":{"line":261,"column":76},"end":{"line":261,"column":98}},"76":{"start":{"line":263,"column":24},"end":{"line":266,"column":8}},"77":{"start":{"line":264,"column":4},"end":{"line":264,"column":45}},"78":{"start":{"line":265,"column":4},"end":{"line":265,"column":15}},"79":{"start":{"line":268,"column":2},"end":{"line":275,"column":4}},"80":{"start":{"line":270,"column":34},"end":{"line":270,"column":55}}},"fnMap":{"0":{"name":"determineTier","decl":{"start":{"line":28,"column":16},"end":{"line":28,"column":29}},"loc":{"start":{"line":28,"column":43},"end":{"line":34,"column":1}},"line":28},"1":{"name":"getNextTier","decl":{"start":{"line":40,"column":16},"end":{"line":40,"column":27}},"loc":{"start":{"line":40,"column":44},"end":{"line":46,"column":1}},"line":40},"2":{"name":"enrollUserInLoyalty","decl":{"start":{"line":52,"column":22},"end":{"line":52,"column":41}},"loc":{"start":{"line":52,"column":50},"end":{"line":86,"column":1}},"line":52},"3":{"name":"getUserPointsBalance","decl":{"start":{"line":92,"column":22},"end":{"line":92,"column":42}},"loc":{"start":{"line":92,"column":51},"end":{"line":120,"column":1}},"line":92},"4":{"name":"awardPoints","decl":{"start":{"line":129,"column":22},"end":{"line":129,"column":33}},"loc":{"start":{"line":129,"column":90},"end":{"line":176,"column":1}},"line":129},"5":{"name":"redeemPointsForReward","decl":{"start":{"line":185,"column":22},"end":{"line":185,"column":43}},"loc":{"start":{"line":185,"column":91},"end":{"line":229,"column":1}},"line":185},"6":{"name":"getRewardsCatalog","decl":{"start":{"line":234,"column":22},"end":{"line":234,"column":39}},"loc":{"start":{"line":234,"column":42},"end":{"line":243,"column":1}},"line":234},"7":{"name":"getLoyaltyAnalyticsData","decl":{"start":{"line":248,"column":22},"end":{"line":248,"column":45}},"loc":{"start":{"line":248,"column":48},"end":{"line":276,"column":1}},"line":248},"8":{"name":"(anonymous_8)","decl":{"start":{"line":260,"column":31},"end":{"line":260,"column":32}},"loc":{"start":{"line":260,"column":36},"end":{"line":260,"column":53}},"line":260},"9":{"name":"(anonymous_9)","decl":{"start":{"line":260,"column":62},"end":{"line":260,"column":63}},"loc":{"start":{"line":260,"column":72},"end":{"line":260,"column":84}},"line":260},"10":{"name":"(anonymous_10)","decl":{"start":{"line":261,"column":33},"end":{"line":261,"column":34}},"loc":{"start":{"line":261,"column":38},"end":{"line":261,"column":57}},"line":261},"11":{"name":"(anonymous_11)","decl":{"start":{"line":261,"column":66},"end":{"line":261,"column":67}},"loc":{"start":{"line":261,"column":76},"end":{"line":261,"column":98}},"line":261},"12":{"name":"(anonymous_12)","decl":{"start":{"line":263,"column":33},"end":{"line":263,"column":34}},"loc":{"start":{"line":263,"column":47},"end":{"line":266,"column":3}},"line":263},"13":{"name":"(anonymous_13)","decl":{"start":{"line":270,"column":29},"end":{"line":270,"column":30}},"loc":{"start":{"line":270,"column":34},"end":{"line":270,"column":55}},"line":270}},"branchMap":{"0":{"loc":{"start":{"line":31,"column":4},"end":{"line":31,"column":86}},"type":"if","locations":[{"start":{"line":31,"column":4},"end":{"line":31,"column":86}},{"start":{},"end":{}}],"line":31},"1":{"loc":{"start":{"line":43,"column":2},"end":{"line":43,"column":54}},"type":"if","locations":[{"start":{"line":43,"column":2},"end":{"line":43,"column":54}},{"start":{},"end":{}}],"line":43},"2":{"loc":{"start":{"line":43,"column":6},"end":{"line":43,"column":40}},"type":"binary-expr","locations":[{"start":{"line":43,"column":6},"end":{"line":43,"column":13}},{"start":{"line":43,"column":17},"end":{"line":43,"column":40}}],"line":43},"3":{"loc":{"start":{"line":59,"column":2},"end":{"line":59,"column":84}},"type":"if","locations":[{"start":{"line":59,"column":2},"end":{"line":59,"column":84}},{"start":{},"end":{}}],"line":59},"4":{"loc":{"start":{"line":73,"column":2},"end":{"line":73,"column":25}},"type":"if","locations":[{"start":{"line":73,"column":2},"end":{"line":73,"column":25}},{"start":{},"end":{}}],"line":73},"5":{"loc":{"start":{"line":99,"column":2},"end":{"line":99,"column":87}},"type":"if","locations":[{"start":{"line":99,"column":2},"end":{"line":99,"column":87}},{"start":{},"end":{}}],"line":99},"6":{"loc":{"start":{"line":99,"column":6},"end":{"line":99,"column":21}},"type":"binary-expr","locations":[{"start":{"line":99,"column":6},"end":{"line":99,"column":10}},{"start":{"line":99,"column":14},"end":{"line":99,"column":21}}],"line":99},"7":{"loc":{"start":{"line":117,"column":25},"end":{"line":117,"column":87}},"type":"cond-expr","locations":[{"start":{"line":117,"column":36},"end":{"line":117,"column":83}},{"start":{"line":117,"column":86},"end":{"line":117,"column":87}}],"line":117},"8":{"loc":{"start":{"line":118,"column":18},"end":{"line":118,"column":36}},"type":"binary-expr","locations":[{"start":{"line":118,"column":18},"end":{"line":118,"column":30}},{"start":{"line":118,"column":34},"end":{"line":118,"column":36}}],"line":118},"9":{"loc":{"start":{"line":129,"column":50},"end":{"line":129,"column":68}},"type":"default-arg","locations":[{"start":{"line":129,"column":67},"end":{"line":129,"column":68}}],"line":129},"10":{"loc":{"start":{"line":129,"column":70},"end":{"line":129,"column":88}},"type":"default-arg","locations":[{"start":{"line":129,"column":84},"end":{"line":129,"column":88}}],"line":129},"11":{"loc":{"start":{"line":136,"column":2},"end":{"line":136,"column":88}},"type":"if","locations":[{"start":{"line":136,"column":2},"end":{"line":136,"column":88}},{"start":{},"end":{}}],"line":136},"12":{"loc":{"start":{"line":136,"column":6},"end":{"line":136,"column":22}},"type":"binary-expr","locations":[{"start":{"line":136,"column":6},"end":{"line":136,"column":11}},{"start":{"line":136,"column":15},"end":{"line":136,"column":22}}],"line":136},"13":{"loc":{"start":{"line":141,"column":2},"end":{"line":147,"column":3}},"type":"if","locations":[{"start":{"line":141,"column":2},"end":{"line":147,"column":3}},{"start":{"line":144,"column":9},"end":{"line":147,"column":3}}],"line":141},"14":{"loc":{"start":{"line":145,"column":19},"end":{"line":145,"column":44}},"type":"binary-expr","locations":[{"start":{"line":145,"column":19},"end":{"line":145,"column":39}},{"start":{"line":145,"column":43},"end":{"line":145,"column":44}}],"line":145},"15":{"loc":{"start":{"line":149,"column":2},"end":{"line":149,"column":80}},"type":"if","locations":[{"start":{"line":149,"column":2},"end":{"line":149,"column":80}},{"start":{},"end":{}}],"line":149},"16":{"loc":{"start":{"line":151,"column":20},"end":{"line":151,"column":44}},"type":"binary-expr","locations":[{"start":{"line":151,"column":20},"end":{"line":151,"column":39}},{"start":{"line":151,"column":43},"end":{"line":151,"column":44}}],"line":151},"17":{"loc":{"start":{"line":173,"column":2},"end":{"line":173,"column":27}},"type":"if","locations":[{"start":{"line":173,"column":2},"end":{"line":173,"column":27}},{"start":{},"end":{}}],"line":173},"18":{"loc":{"start":{"line":192,"column":2},"end":{"line":192,"column":88}},"type":"if","locations":[{"start":{"line":192,"column":2},"end":{"line":192,"column":88}},{"start":{},"end":{}}],"line":192},"19":{"loc":{"start":{"line":192,"column":6},"end":{"line":192,"column":22}},"type":"binary-expr","locations":[{"start":{"line":192,"column":6},"end":{"line":192,"column":11}},{"start":{"line":192,"column":15},"end":{"line":192,"column":22}}],"line":192},"20":{"loc":{"start":{"line":194,"column":21},"end":{"line":194,"column":45}},"type":"binary-expr","locations":[{"start":{"line":194,"column":21},"end":{"line":194,"column":40}},{"start":{"line":194,"column":44},"end":{"line":194,"column":45}}],"line":194},"21":{"loc":{"start":{"line":194,"column":50},"end":{"line":194,"column":77}},"type":"binary-expr","locations":[{"start":{"line":194,"column":50},"end":{"line":194,"column":72}},{"start":{"line":194,"column":76},"end":{"line":194,"column":77}}],"line":194},"22":{"loc":{"start":{"line":195,"column":2},"end":{"line":195,"column":127}},"type":"if","locations":[{"start":{"line":195,"column":2},"end":{"line":195,"column":127}},{"start":{},"end":{}}],"line":195},"23":{"loc":{"start":{"line":205,"column":2},"end":{"line":205,"column":84}},"type":"if","locations":[{"start":{"line":205,"column":2},"end":{"line":205,"column":84}},{"start":{},"end":{}}],"line":205},"24":{"loc":{"start":{"line":205,"column":6},"end":{"line":205,"column":22}},"type":"binary-expr","locations":[{"start":{"line":205,"column":6},"end":{"line":205,"column":11}},{"start":{"line":205,"column":15},"end":{"line":205,"column":22}}],"line":205},"25":{"loc":{"start":{"line":206,"column":2},"end":{"line":206,"column":121}},"type":"if","locations":[{"start":{"line":206,"column":2},"end":{"line":206,"column":121}},{"start":{},"end":{}}],"line":206},"26":{"loc":{"start":{"line":208,"column":23},"end":{"line":208,"column":50}},"type":"binary-expr","locations":[{"start":{"line":208,"column":23},"end":{"line":208,"column":45}},{"start":{"line":208,"column":49},"end":{"line":208,"column":50}}],"line":208},"27":{"loc":{"start":{"line":221,"column":19},"end":{"line":221,"column":64}},"type":"binary-expr","locations":[{"start":{"line":221,"column":19},"end":{"line":221,"column":30}},{"start":{"line":221,"column":34},"end":{"line":221,"column":64}}],"line":221},"28":{"loc":{"start":{"line":227,"column":2},"end":{"line":227,"column":27}},"type":"if","locations":[{"start":{"line":227,"column":2},"end":{"line":227,"column":27}},{"start":{},"end":{}}],"line":227},"29":{"loc":{"start":{"line":241,"column":2},"end":{"line":241,"column":25}},"type":"if","locations":[{"start":{"line":241,"column":2},"end":{"line":241,"column":25}},{"start":{},"end":{}}],"line":241},"30":{"loc":{"start":{"line":242,"column":9},"end":{"line":242,"column":19}},"type":"binary-expr","locations":[{"start":{"line":242,"column":9},"end":{"line":242,"column":13}},{"start":{"line":242,"column":17},"end":{"line":242,"column":19}}],"line":242},"31":{"loc":{"start":{"line":257,"column":12},"end":{"line":257,"column":25}},"type":"binary-expr","locations":[{"start":{"line":257,"column":12},"end":{"line":257,"column":19}},{"start":{"line":257,"column":23},"end":{"line":257,"column":25}}],"line":257},"32":{"loc":{"start":{"line":258,"column":12},"end":{"line":258,"column":30}},"type":"binary-expr","locations":[{"start":{"line":258,"column":12},"end":{"line":258,"column":24}},{"start":{"line":258,"column":28},"end":{"line":258,"column":30}}],"line":258},"33":{"loc":{"start":{"line":264,"column":21},"end":{"line":264,"column":39}},"type":"binary-expr","locations":[{"start":{"line":264,"column":21},"end":{"line":264,"column":34}},{"start":{"line":264,"column":38},"end":{"line":264,"column":39}}],"line":264}},"s":{"0":1,"1":1,"2":9,"3":9,"4":34,"5":9,"6":0,"7":7,"8":7,"9":7,"10":1,"11":6,"12":6,"13":2,"14":2,"15":1,"16":1,"17":1,"18":0,"19":1,"20":1,"21":2,"22":2,"23":1,"24":1,"25":1,"26":1,"27":1,"28":2,"29":2,"30":1,"31":1,"32":1,"33":1,"34":0,"35":0,"36":1,"37":0,"38":1,"39":1,"40":1,"41":1,"42":1,"43":0,"44":1,"45":0,"46":0,"47":0,"48":0,"49":0,"50":0,"51":0,"52":0,"53":0,"54":0,"55":0,"56":0,"57":0,"58":0,"59":0,"60":0,"61":0,"62":0,"63":0,"64":0,"65":0,"66":0,"67":0,"68":0,"69":0,"70":0,"71":0,"72":0,"73":0,"74":0,"75":0,"76":0,"77":0,"78":0,"79":0,"80":0},"f":{"0":9,"1":7,"2":2,"3":2,"4":2,"5":0,"6":0,"7":0,"8":0,"9":0,"10":0,"11":0,"12":0,"13":0},"b":{"0":[9,25],"1":[1,6],"2":[7,7],"3":[1,1],"4":[0,1],"5":[1,1],"6":[2,1],"7":[1,0],"8":[1,0],"9":[0],"10":[2],"11":[1,1],"12":[2,1],"13":[1,0],"14":[0,0],"15":[0,1],"16":[1,1],"17":[0,1],"18":[0,0],"19":[0,0],"20":[0,0],"21":[0,0],"22":[0,0],"23":[0,0],"24":[0,0],"25":[0,0],"26":[0,0],"27":[0,0],"28":[0,0],"29":[0,0],"30":[0,0],"31":[0,0],"32":[0,0],"33":[0,0]},"_coverageSchema":"1a1c01bbd47fc00a2c39e90264f33305004495a9","hash":"e0bf34d7e60ddf23e810e18c323c8353135256b7"}
,"/home/runner/work/GlobexSky/GlobexSky/backend/services/pricing.service.js": {"path":"/home/runner/work/GlobexSky/GlobexSky/backend/services/pricing.service.js","statementMap":{"0":{"start":{"line":10,"column":15},"end":{"line":10,"column":19}},"1":{"start":{"line":12,"column":2},"end":{"line":20,"column":3}},"2":{"start":{"line":13,"column":21},"end":{"line":18,"column":15}},"3":{"start":{"line":19,"column":4},"end":{"line":19,"column":18}},"4":{"start":{"line":22,"column":2},"end":{"line":32,"column":3}},"5":{"start":{"line":24,"column":21},"end":{"line":30,"column":20}},"6":{"start":{"line":31,"column":4},"end":{"line":31,"column":18}},"7":{"start":{"line":34,"column":2},"end":{"line":42,"column":3}},"8":{"start":{"line":36,"column":21},"end":{"line":40,"column":20}},"9":{"start":{"line":41,"column":4},"end":{"line":41,"column":18}},"10":{"start":{"line":44,"column":20},"end":{"line":44,"column":51}},"11":{"start":{"line":45,"column":20},"end":{"line":45,"column":43}},"12":{"start":{"line":46,"column":20},"end":{"line":46,"column":53}},"13":{"start":{"line":47,"column":17},"end":{"line":47,"column":47}},"14":{"start":{"line":48,"column":23},"end":{"line":48,"column":59}},"15":{"start":{"line":50,"column":2},"end":{"line":50,"column":130}}},"fnMap":{"0":{"name":"calculateMarkup","decl":{"start":{"line":8,"column":22},"end":{"line":8,"column":37}},"loc":{"start":{"line":8,"column":72},"end":{"line":51,"column":1}},"line":8}},"branchMap":{"0":{"loc":{"start":{"line":8,"column":53},"end":{"line":8,"column":70}},"type":"default-arg","locations":[{"start":{"line":8,"column":66},"end":{"line":8,"column":70}}],"line":8},"1":{"loc":{"start":{"line":12,"column":2},"end":{"line":20,"column":3}},"type":"if","locations":[{"start":{"line":12,"column":2},"end":{"line":20,"column":3}},{"start":{},"end":{}}],"line":12},"2":{"loc":{"start":{"line":22,"column":2},"end":{"line":32,"column":3}},"type":"if","locations":[{"start":{"line":22,"column":2},"end":{"line":32,"column":3}},{"start":{},"end":{}}],"line":22},"3":{"loc":{"start":{"line":34,"column":2},"end":{"line":42,"column":3}},"type":"if","locations":[{"start":{"line":34,"column":2},"end":{"line":42,"column":3}},{"start":{},"end":{}}],"line":34},"4":{"loc":{"start":{"line":44,"column":20},"end":{"line":44,"column":51}},"type":"binary-expr","locations":[{"start":{"line":44,"column":20},"end":{"line":44,"column":45}},{"start":{"line":44,"column":49},"end":{"line":44,"column":51}}],"line":44},"5":{"loc":{"start":{"line":45,"column":20},"end":{"line":45,"column":43}},"type":"binary-expr","locations":[{"start":{"line":45,"column":20},"end":{"line":45,"column":38}},{"start":{"line":45,"column":42},"end":{"line":45,"column":43}}],"line":45}},"s":{"0":8,"1":8,"2":1,"3":1,"4":8,"5":7,"6":7,"7":8,"8":5,"9":5,"10":8,"11":8,"12":8,"13":8,"14":8,"15":8},"f":{"0":8},"b":{"0":[7],"1":[1,7],"2":[7,1],"3":[5,3],"4":[8,5],"5":[8,5]},"_coverageSchema":"1a1c01bbd47fc00a2c39e90264f33305004495a9","hash":"4f27bdc744ef4007f851ff459337a4ea935354a6"}
,"/home/runner/work/GlobexSky/GlobexSky/backend/services/sms.service.js": {"path":"/home/runner/work/GlobexSky/GlobexSky/backend/services/sms.service.js","statementMap":{"0":{"start":{"line":9,"column":2},"end":{"line":12,"column":3}},"1":{"start":{"line":10,"column":4},"end":{"line":10,"column":57}},"2":{"start":{"line":11,"column":4},"end":{"line":11,"column":41}},"3":{"start":{"line":14,"column":2},"end":{"line":14,"column":50}},"4":{"start":{"line":18,"column":18},"end":{"line":18,"column":82}},"5":{"start":{"line":19,"column":2},"end":{"line":19,"column":30}},"6":{"start":{"line":23,"column":18},"end":{"line":23,"column":92}},"7":{"start":{"line":24,"column":2},"end":{"line":24,"column":30}},"8":{"start":{"line":28,"column":18},"end":{"line":28,"column":112}},"9":{"start":{"line":29,"column":2},"end":{"line":29,"column":30}},"10":{"start":{"line":33,"column":18},"end":{"line":33,"column":115}},"11":{"start":{"line":34,"column":2},"end":{"line":34,"column":30}},"12":{"start":{"line":38,"column":18},"end":{"line":38,"column":107}},"13":{"start":{"line":39,"column":2},"end":{"line":39,"column":30}},"14":{"start":{"line":43,"column":18},"end":{"line":43,"column":96}},"15":{"start":{"line":44,"column":2},"end":{"line":44,"column":30}},"16":{"start":{"line":48,"column":18},"end":{"line":48,"column":80}},"17":{"start":{"line":49,"column":2},"end":{"line":49,"column":30}}},"fnMap":{"0":{"name":"sendSMS","decl":{"start":{"line":8,"column":22},"end":{"line":8,"column":29}},"loc":{"start":{"line":8,"column":43},"end":{"line":15,"column":1}},"line":8},"1":{"name":"sendOTP","decl":{"start":{"line":17,"column":22},"end":{"line":17,"column":29}},"loc":{"start":{"line":17,"column":73},"end":{"line":20,"column":1}},"line":17},"2":{"name":"sendOrderUpdateSMS","decl":{"start":{"line":22,"column":22},"end":{"line":22,"column":40}},"loc":{"start":{"line":22,"column":85},"end":{"line":25,"column":1}},"line":22},"3":{"name":"sendShipmentUpdateSMS","decl":{"start":{"line":27,"column":22},"end":{"line":27,"column":43}},"loc":{"start":{"line":27,"column":105},"end":{"line":30,"column":1}},"line":27},"4":{"name":"sendPaymentConfirmationSMS","decl":{"start":{"line":32,"column":22},"end":{"line":32,"column":48}},"loc":{"start":{"line":32,"column":108},"end":{"line":35,"column":1}},"line":32},"5":{"name":"sendDeliveryNotificationSMS","decl":{"start":{"line":37,"column":22},"end":{"line":37,"column":49}},"loc":{"start":{"line":37,"column":100},"end":{"line":40,"column":1}},"line":37},"6":{"name":"sendDisputeUpdateSMS","decl":{"start":{"line":42,"column":22},"end":{"line":42,"column":42}},"loc":{"start":{"line":42,"column":89},"end":{"line":45,"column":1}},"line":42},"7":{"name":"sendWelcomeSMS","decl":{"start":{"line":47,"column":22},"end":{"line":47,"column":36}},"loc":{"start":{"line":47,"column":74},"end":{"line":50,"column":1}},"line":47}},"branchMap":{"0":{"loc":{"start":{"line":9,"column":2},"end":{"line":12,"column":3}},"type":"if","locations":[{"start":{"line":9,"column":2},"end":{"line":12,"column":3}},{"start":{},"end":{}}],"line":9},"1":{"loc":{"start":{"line":17,"column":34},"end":{"line":17,"column":71}},"type":"default-arg","locations":[{"start":{"line":17,"column":69},"end":{"line":17,"column":71}}],"line":17},"2":{"loc":{"start":{"line":22,"column":45},"end":{"line":22,"column":83}},"type":"default-arg","locations":[{"start":{"line":22,"column":81},"end":{"line":22,"column":83}}],"line":22},"3":{"loc":{"start":{"line":27,"column":48},"end":{"line":27,"column":103}},"type":"default-arg","locations":[{"start":{"line":27,"column":101},"end":{"line":27,"column":103}}],"line":27},"4":{"loc":{"start":{"line":32,"column":53},"end":{"line":32,"column":106}},"type":"default-arg","locations":[{"start":{"line":32,"column":104},"end":{"line":32,"column":106}}],"line":32},"5":{"loc":{"start":{"line":37,"column":54},"end":{"line":37,"column":98}},"type":"default-arg","locations":[{"start":{"line":37,"column":96},"end":{"line":37,"column":98}}],"line":37},"6":{"loc":{"start":{"line":42,"column":47},"end":{"line":42,"column":87}},"type":"default-arg","locations":[{"start":{"line":42,"column":85},"end":{"line":42,"column":87}}],"line":42},"7":{"loc":{"start":{"line":47,"column":41},"end":{"line":47,"column":72}},"type":"default-arg","locations":[{"start":{"line":47,"column":70},"end":{"line":47,"column":72}}],"line":47}},"s":{"0":11,"1":10,"2":10,"3":1,"4":1,"5":1,"6":1,"7":1,"8":1,"9":1,"10":1,"11":1,"12":1,"13":1,"14":1,"15":1,"16":1,"17":1},"f":{"0":11,"1":1,"2":1,"3":1,"4":1,"5":1,"6":1,"7":1},"b":{"0":[10,1],"1":[0],"2":[0],"3":[0],"4":[0],"5":[0],"6":[0],"7":[0]},"_coverageSchema":"1a1c01bbd47fc00a2c39e90264f33305004495a9","hash":"b3360a6935173f7da03e0ced77ff42a51dd0008e"}
}
