TN:
SF:services/cod.service.js
FN:8,computeFraudScore
FN:33,createCodOrderRecord
FN:89,confirmDelivery
FN:106,confirmCollection
FN:123,markFraudulent
FN:138,buildReconciliationReport
FN:147,(anonymous_6)
FN:162,getCodAnalyticsData
FN:171,(anonymous_8)
FN:176,(anonymous_9)
FN:177,(anonymous_10)
FN:177,(anonymous_11)
FN:179,(anonymous_12)
FN:187,(anonymous_13)
FN:196,createCodOrder
FN:205,markUndelivered
FN:222,scheduleRedelivery
FN:241,reconcilePayment
FN:265,getCodSummary
FN:280,(anonymous_19)
FNF:20
FNH:5
FNDA:9,computeFraudScore
FNDA:2,createCodOrderRecord
FNDA:2,confirmDelivery
FNDA:1,confirmCollection
FNDA:1,markFraudulent
FNDA:0,buildReconciliationReport
FNDA:0,(anonymous_6)
FNDA:0,getCodAnalyticsData
FNDA:0,(anonymous_8)
FNDA:0,(anonymous_9)
FNDA:0,(anonymous_10)
FNDA:0,(anonymous_11)
FNDA:0,(anonymous_12)
FNDA:0,(anonymous_13)
FNDA:0,createCodOrder
FNDA:0,markUndelivered
FNDA:0,scheduleRedelivery
FNDA:0,reconcilePayment
FNDA:0,getCodSummary
FNDA:0,(anonymous_19)
DA:9,9
DA:12,9
DA:13,6
DA:16,9
DA:17,7
DA:20,9
DA:23,9
DA:24,7
DA:26,9
DA:41,2
DA:44,2
DA:53,2
DA:54,2
DA:55,2
DA:56,2
DA:58,2
DA:66,2
DA:68,2
DA:80,2
DA:81,2
DA:90,2
DA:98,2
DA:99,1
DA:107,1
DA:114,1
DA:115,1
DA:124,1
DA:131,1
DA:132,1
DA:139,0
DA:140,0
DA:141,0
DA:143,0
DA:144,0
DA:146,0
DA:147,0
DA:148,0
DA:149,0
DA:150,0
DA:151,0
DA:152,0
DA:155,0
DA:156,0
DA:163,0
DA:164,0
DA:165,0
DA:167,0
DA:168,0
DA:170,0
DA:171,0
DA:172,0
DA:173,0
DA:176,0
DA:177,0
DA:178,0
DA:179,0
DA:182,0
DA:187,0
DA:197,0
DA:206,0
DA:213,0
DA:214,0
DA:223,0
DA:230,0
DA:231,0
DA:242,0
DA:255,0
DA:256,0
DA:266,0
DA:271,0
DA:272,0
DA:274,0
DA:275,0
DA:277,0
DA:278,0
DA:280,0
DA:281,0
DA:282,0
DA:283,0
DA:284,0
DA:285,0
DA:286,0
DA:289,0
LF:83
LH:29
BRDA:12,0,0,3
BRDA:12,0,1,6
BRDA:12,1,0,9
BRDA:12,1,1,3
BRDA:13,2,0,0
BRDA:13,2,1,6
BRDA:13,3,0,6
BRDA:13,3,1,0
BRDA:16,4,0,2
BRDA:16,4,1,7
BRDA:17,5,0,0
BRDA:17,5,1,7
BRDA:20,6,0,2
BRDA:20,6,1,7
BRDA:23,7,0,2
BRDA:23,7,1,7
BRDA:24,8,0,0
BRDA:24,8,1,7
BRDA:53,9,0,2
BRDA:53,9,1,2
BRDA:54,10,0,2
BRDA:54,10,1,2
BRDA:55,11,0,0
BRDA:55,11,1,2
BRDA:56,12,0,2
BRDA:56,12,1,2
BRDA:71,13,0,2
BRDA:71,13,1,2
BRDA:73,14,0,2
BRDA:73,14,1,2
BRDA:74,15,0,2
BRDA:74,15,1,2
BRDA:80,16,0,0
BRDA:80,16,1,2
BRDA:98,17,0,1
BRDA:98,17,1,1
BRDA:114,18,0,0
BRDA:114,18,1,1
BRDA:126,19,0,1
BRDA:126,19,1,0
BRDA:131,20,0,0
BRDA:131,20,1,1
BRDA:138,21,0,0
BRDA:140,22,0,0
BRDA:140,22,1,0
BRDA:141,23,0,0
BRDA:141,23,1,0
BRDA:144,24,0,0
BRDA:144,24,1,0
BRDA:146,25,0,0
BRDA:146,25,1,0
BRDA:150,26,0,0
BRDA:150,26,1,0
BRDA:151,27,0,0
BRDA:151,27,1,0
BRDA:162,28,0,0
BRDA:164,29,0,0
BRDA:164,29,1,0
BRDA:165,30,0,0
BRDA:165,30,1,0
BRDA:168,31,0,0
BRDA:168,31,1,0
BRDA:170,32,0,0
BRDA:170,32,1,0
BRDA:172,33,0,0
BRDA:172,33,1,0
BRDA:178,34,0,0
BRDA:178,34,1,0
BRDA:208,35,0,0
BRDA:208,35,1,0
BRDA:213,36,0,0
BRDA:213,36,1,0
BRDA:230,37,0,0
BRDA:230,37,1,0
BRDA:248,38,0,0
BRDA:248,38,1,0
BRDA:255,39,0,0
BRDA:255,39,1,0
BRDA:265,40,0,0
BRDA:265,41,0,0
BRDA:271,42,0,0
BRDA:271,42,1,0
BRDA:272,43,0,0
BRDA:272,43,1,0
BRDA:275,44,0,0
BRDA:275,44,1,0
BRDA:277,45,0,0
BRDA:277,45,1,0
BRDA:282,46,0,0
BRDA:282,46,1,0
BRDA:282,47,0,0
BRDA:282,47,1,0
BRDA:283,48,0,0
BRDA:283,48,1,0
BRDA:284,49,0,0
BRDA:284,49,1,0
BRDA:285,50,0,0
BRDA:285,50,1,0
BRF:98
BRH:33
end_of_record
TN:
SF:services/commission.service.js
FN:8,calculateCommissionAmount
FNF:1
FNH:1
FNDA:9,calculateCommissionAmount
DA:9,9
DA:11,9
DA:12,2
DA:18,2
DA:21,9
DA:22,8
DA:29,8
DA:32,9
DA:33,5
DA:38,5
DA:41,9
DA:42,9
DA:43,9
DA:44,9
DA:45,9
DA:46,9
DA:48,9
LF:17
LH:17
BRDA:8,0,0,7
BRDA:11,1,0,2
BRDA:11,1,1,7
BRDA:21,2,0,8
BRDA:21,2,1,1
BRDA:32,3,0,5
BRDA:32,3,1,4
BRDA:41,4,0,9
BRDA:41,4,1,5
BRDA:42,5,0,9
BRDA:42,5,1,5
BRDA:44,6,0,9
BRDA:44,6,1,5
BRDA:45,7,0,9
BRDA:45,7,1,5
BRF:15
BRH:15
end_of_record
TN:
SF:services/currency.service.js
FN:11,getRates
FN:32,convert
FN:41,getSupportedCurrencies
FNF:3
FNH:3
FNDA:9,getRates
FNDA:7,convert
FNDA:3,getSupportedCurrencies
DA:6,1
DA:7,1
DA:8,1
DA:9,1
DA:12,9
DA:14,1
DA:15,1
DA:16,1
DA:17,1
DA:18,1
DA:19,1
DA:20,1
DA:21,1
DA:22,1
DA:24,0
DA:25,0
DA:33,7
DA:34,6
DA:35,6
DA:36,6
DA:37,6
DA:38,6
DA:42,3
DA:43,3
LF:24
LH:22
BRDA:12,0,0,8
BRDA:12,0,1,1
BRDA:12,1,0,9
BRDA:12,1,1,8
BRDA:16,2,0,0
BRDA:16,2,1,1
BRDA:19,3,0,0
BRDA:19,3,1,1
BRDA:32,4,0,0
BRDA:32,5,0,0
BRDA:33,6,0,1
BRDA:33,6,1,6
BRDA:35,7,0,0
BRDA:35,7,1,6
BRDA:36,8,0,4
BRDA:36,8,1,2
BRDA:36,9,0,2
BRDA:36,9,1,0
BRDA:37,10,0,1
BRDA:37,10,1,5
BRDA:37,11,0,5
BRDA:37,11,1,0
BRDA:43,12,0,3
BRDA:43,12,1,0
BRF:24
BRH:16
end_of_record
TN:
SF:services/email.service.js
FN:15,baseVars
FN:24,send
FN:28,sendWelcomeEmail
FN:38,sendPasswordResetEmail
FN:48,sendOrderConfirmationEmail
FN:62,sendShippingUpdateEmail
FN:76,sendOrderDeliveredEmail
FN:90,sendDisputeOpenedEmail
FN:104,sendDisputeResolvedEmail
FN:120,sendRefundProcessedEmail
FN:135,sendPaymentReceiptEmail
FN:151,sendSupplierNewOrderEmail
FN:166,sendInspectionReportEmail
FN:183,sendShipmentUpdateEmail
FN:197,sendAccountVerificationEmail
FN:207,sendSubscriptionRenewalEmail
FN:221,sendRfqResponseEmail
FN:236,sendNewsletterEmail
FN:245,sendGenericEmail
FNF:19
FNH:13
FNDA:29,baseVars
FNDA:30,send
FNDA:9,sendWelcomeEmail
FNDA:5,sendPasswordResetEmail
FNDA:4,sendOrderConfirmationEmail
FNDA:2,sendShippingUpdateEmail
FNDA:1,sendOrderDeliveredEmail
FNDA:1,sendDisputeOpenedEmail
FNDA:0,sendDisputeResolvedEmail
FNDA:2,sendRefundProcessedEmail
FNDA:1,sendPaymentReceiptEmail
FNDA:0,sendSupplierNewOrderEmail
FNDA:0,sendInspectionReportEmail
FNDA:1,sendShipmentUpdateEmail
FNDA:3,sendAccountVerificationEmail
FNDA:0,sendSubscriptionRenewalEmail
FNDA:0,sendRfqResponseEmail
FNDA:0,sendNewsletterEmail
FNDA:1,sendGenericEmail
DA:5,4
DA:12,4
DA:13,4
DA:16,29
DA:25,30
DA:29,9
DA:35,9
DA:39,5
DA:45,5
DA:49,4
DA:59,4
DA:63,2
DA:73,2
DA:77,1
DA:87,1
DA:91,1
DA:101,1
DA:105,0
DA:117,0
DA:121,2
DA:132,2
DA:136,1
DA:148,1
DA:152,0
DA:163,0
DA:167,0
DA:180,0
DA:184,1
DA:194,1
DA:198,3
DA:204,3
DA:208,0
DA:218,0
DA:222,0
DA:233,0
DA:237,0
DA:242,0
DA:246,1
LF:38
LH:26
BRDA:7,0,0,4
BRDA:7,0,1,0
BRDA:12,1,0,4
BRDA:12,1,1,0
BRDA:13,2,0,4
BRDA:13,2,1,0
BRDA:28,3,0,0
BRDA:33,4,0,9
BRDA:33,4,1,5
BRDA:38,5,0,0
BRDA:38,6,0,4
BRDA:51,7,0,4
BRDA:51,7,1,3
BRDA:51,7,2,3
BRDA:52,8,0,4
BRDA:52,8,1,0
BRDA:53,9,0,4
BRDA:53,9,1,4
BRDA:53,9,2,4
BRDA:54,10,0,4
BRDA:54,10,1,4
BRDA:54,10,2,4
BRDA:56,11,0,4
BRDA:56,11,1,4
BRDA:56,11,2,4
BRDA:57,12,0,4
BRDA:57,12,1,0
BRDA:59,13,0,4
BRDA:59,13,1,0
BRDA:65,14,0,2
BRDA:65,14,1,1
BRDA:65,14,2,1
BRDA:66,15,0,2
BRDA:66,15,1,0
BRDA:67,16,0,2
BRDA:67,16,1,2
BRDA:67,16,2,0
BRDA:68,17,0,2
BRDA:68,17,1,1
BRDA:69,18,0,2
BRDA:69,18,1,2
BRDA:69,18,2,2
BRDA:70,19,0,2
BRDA:70,19,1,2
BRDA:70,19,2,2
BRDA:71,20,0,2
BRDA:71,20,1,2
BRDA:71,20,2,2
BRDA:71,21,0,2
BRDA:71,21,1,0
BRDA:73,22,0,2
BRDA:73,22,1,2
BRDA:79,23,0,1
BRDA:79,23,1,0
BRDA:79,23,2,0
BRDA:80,24,0,1
BRDA:80,24,1,0
BRDA:81,25,0,1
BRDA:81,25,1,1
BRDA:81,25,2,1
BRDA:82,26,0,1
BRDA:82,26,1,1
BRDA:83,27,0,1
BRDA:83,27,1,0
BRDA:84,28,0,1
BRDA:84,28,1,0
BRDA:85,29,0,1
BRDA:85,29,1,0
BRDA:87,30,0,1
BRDA:87,30,1,0
BRDA:93,31,0,1
BRDA:93,31,1,0
BRDA:93,31,2,0
BRDA:94,32,0,1
BRDA:94,32,1,0
BRDA:95,33,0,1
BRDA:95,33,1,0
BRDA:95,33,2,0
BRDA:96,34,0,1
BRDA:96,34,1,0
BRDA:97,35,0,1
BRDA:97,35,1,1
BRDA:97,35,2,1
BRDA:98,36,0,1
BRDA:98,36,1,1
BRDA:99,37,0,1
BRDA:99,37,1,0
BRDA:101,38,0,1
BRDA:101,38,1,0
BRDA:107,39,0,0
BRDA:107,39,1,0
BRDA:107,39,2,0
BRDA:108,40,0,0
BRDA:108,40,1,0
BRDA:109,41,0,0
BRDA:109,41,1,0
BRDA:109,41,2,0
BRDA:110,42,0,0
BRDA:110,42,1,0
BRDA:111,43,0,0
BRDA:111,43,1,0
BRDA:111,43,2,0
BRDA:112,44,0,0
BRDA:112,44,1,0
BRDA:112,44,2,0
BRDA:113,45,0,0
BRDA:113,45,1,0
BRDA:113,45,2,0
BRDA:114,46,0,0
BRDA:114,46,1,0
BRDA:115,47,0,0
BRDA:115,47,1,0
BRDA:117,48,0,0
BRDA:117,48,1,0
BRDA:123,49,0,2
BRDA:123,49,1,1
BRDA:123,49,2,1
BRDA:124,50,0,2
BRDA:124,50,1,1
BRDA:124,50,2,1
BRDA:126,51,0,2
BRDA:126,51,1,2
BRDA:126,51,2,2
BRDA:127,52,0,2
BRDA:127,52,1,2
BRDA:127,52,2,0
BRDA:128,53,0,2
BRDA:128,53,1,2
BRDA:128,53,2,2
BRDA:129,54,0,2
BRDA:129,54,1,2
BRDA:130,55,0,2
BRDA:130,55,1,0
BRDA:130,56,0,2
BRDA:130,56,1,1
BRDA:132,57,0,2
BRDA:132,57,1,1
BRDA:132,57,2,1
BRDA:138,58,0,1
BRDA:138,58,1,0
BRDA:138,58,2,0
BRDA:139,59,0,1
BRDA:139,59,1,0
BRDA:140,60,0,1
BRDA:140,60,1,1
BRDA:140,60,2,1
BRDA:141,61,0,1
BRDA:141,61,1,1
BRDA:141,61,2,1
BRDA:142,62,0,1
BRDA:142,62,1,1
BRDA:142,62,2,1
BRDA:144,63,0,1
BRDA:144,63,1,1
BRDA:145,64,0,1
BRDA:145,64,1,1
BRDA:146,65,0,1
BRDA:146,65,1,0
BRDA:154,66,0,0
BRDA:154,66,1,0
BRDA:154,66,2,0
BRDA:155,67,0,0
BRDA:155,67,1,0
BRDA:156,68,0,0
BRDA:156,68,1,0
BRDA:156,68,2,0
BRDA:157,69,0,0
BRDA:157,69,1,0
BRDA:157,69,2,0
BRDA:158,70,0,0
BRDA:158,70,1,0
BRDA:158,70,2,0
BRDA:160,71,0,0
BRDA:160,71,1,0
BRDA:161,72,0,0
BRDA:161,72,1,0
BRDA:163,73,0,0
BRDA:163,73,1,0
BRDA:169,74,0,0
BRDA:169,74,1,0
BRDA:169,74,2,0
BRDA:170,75,0,0
BRDA:170,75,1,0
BRDA:171,76,0,0
BRDA:171,76,1,0
BRDA:171,76,2,0
BRDA:172,77,0,0
BRDA:172,77,1,0
BRDA:172,77,2,0
BRDA:173,78,0,0
BRDA:173,78,1,0
BRDA:173,78,2,0
BRDA:174,79,0,0
BRDA:174,79,1,0
BRDA:175,80,0,0
BRDA:175,80,1,0
BRDA:176,81,0,0
BRDA:176,81,1,0
BRDA:177,82,0,0
BRDA:177,82,1,0
BRDA:178,83,0,0
BRDA:178,83,1,0
BRDA:180,84,0,0
BRDA:180,84,1,0
BRDA:186,85,0,1
BRDA:186,85,1,0
BRDA:186,85,2,0
BRDA:187,86,0,1
BRDA:187,86,1,1
BRDA:187,86,2,0
BRDA:188,87,0,1
BRDA:188,87,1,0
BRDA:189,88,0,1
BRDA:189,88,1,1
BRDA:189,88,2,1
BRDA:190,89,0,1
BRDA:190,89,1,1
BRDA:190,89,2,1
BRDA:191,90,0,1
BRDA:191,90,1,1
BRDA:191,90,2,1
BRDA:192,91,0,1
BRDA:192,91,1,1
BRDA:192,91,2,1
BRDA:192,92,0,1
BRDA:192,92,1,0
BRDA:192,93,0,1
BRDA:192,93,1,1
BRDA:194,94,0,1
BRDA:194,94,1,1
BRDA:197,95,0,0
BRDA:197,96,0,3
BRDA:210,97,0,0
BRDA:210,97,1,0
BRDA:210,97,2,0
BRDA:211,98,0,0
BRDA:211,98,1,0
BRDA:211,98,2,0
BRDA:212,99,0,0
BRDA:212,99,1,0
BRDA:212,99,2,0
BRDA:213,100,0,0
BRDA:213,100,1,0
BRDA:213,100,2,0
BRDA:215,101,0,0
BRDA:215,101,1,0
BRDA:216,102,0,0
BRDA:216,102,1,0
BRDA:218,103,0,0
BRDA:218,103,1,0
BRDA:218,104,0,0
BRDA:218,104,1,0
BRDA:224,105,0,0
BRDA:224,105,1,0
BRDA:224,105,2,0
BRDA:225,106,0,0
BRDA:225,106,1,0
BRDA:226,107,0,0
BRDA:226,107,1,0
BRDA:226,107,2,0
BRDA:227,108,0,0
BRDA:227,108,1,0
BRDA:227,108,2,0
BRDA:228,109,0,0
BRDA:228,109,1,0
BRDA:228,109,2,0
BRDA:229,110,0,0
BRDA:229,110,1,0
BRDA:229,110,2,0
BRDA:230,111,0,0
BRDA:230,111,1,0
BRDA:230,111,2,0
BRDA:231,112,0,0
BRDA:231,112,1,0
BRDA:233,113,0,0
BRDA:233,113,1,0
BRDA:240,114,0,0
BRDA:240,114,1,0
BRDA:240,115,0,0
BRDA:240,115,1,0
BRDA:242,116,0,0
BRDA:242,116,1,0
BRDA:242,116,2,0
BRF:283
BRH:123
end_of_record
TN:
SF:services/featureToggle.service.js
FN:26,getToggles
FN:31,getToggle
FN:38,createToggle
FN:56,updateToggle
FN:69,deleteToggle
FN:76,evaluateToggle
FN:113,_sanitize
FN:119,getToggleAuditLog
FNF:8
FNH:7
FNDA:1,getToggles
FNDA:7,getToggle
FNDA:7,createToggle
FNDA:4,updateToggle
FNDA:10,deleteToggle
FNDA:5,evaluateToggle
FNDA:18,_sanitize
FNDA:0,getToggleAuditLog
DA:4,1
DA:27,1
DA:32,7
DA:33,7
DA:34,5
DA:39,7
DA:40,6
DA:51,6
DA:52,6
DA:57,4
DA:58,4
DA:60,4
DA:61,4
DA:62,24
DA:64,4
DA:65,4
DA:70,10
DA:71,6
DA:72,6
DA:77,5
DA:78,5
DA:80,4
DA:83,4
DA:84,1
DA:88,3
DA:89,1
DA:93,2
DA:94,0
DA:95,0
DA:96,0
DA:100,2
DA:101,2
DA:102,2
DA:103,2
DA:104,2
DA:105,2
DA:106,2
DA:109,0
DA:114,18
DA:115,18
DA:120,0
DA:121,0
DA:122,0
LF:43
LH:36
BRDA:33,0,0,2
BRDA:33,0,1,5
BRDA:39,1,0,1
BRDA:39,1,1,6
BRDA:42,2,0,6
BRDA:42,2,1,0
BRDA:43,3,0,6
BRDA:43,3,1,0
BRDA:44,4,0,6
BRDA:44,4,1,0
BRDA:45,5,0,6
BRDA:45,5,1,3
BRDA:46,6,0,6
BRDA:46,6,1,6
BRDA:47,7,0,6
BRDA:47,7,1,6
BRDA:58,8,0,0
BRDA:58,8,1,4
BRDA:62,9,0,4
BRDA:62,9,1,20
BRDA:70,10,0,4
BRDA:70,10,1,6
BRDA:76,11,0,0
BRDA:78,12,0,1
BRDA:78,12,1,4
BRDA:80,13,0,4
BRDA:80,13,1,0
BRDA:80,13,2,0
BRDA:83,14,0,1
BRDA:83,14,1,3
BRDA:88,15,0,1
BRDA:88,15,1,2
BRDA:89,16,0,1
BRDA:89,16,1,0
BRDA:93,17,0,0
BRDA:93,17,1,2
BRDA:95,18,0,0
BRDA:95,18,1,0
BRDA:96,19,0,0
BRDA:96,19,1,0
BRDA:100,20,0,2
BRDA:100,20,1,0
BRDA:101,21,0,0
BRDA:101,21,1,2
BRDA:102,22,0,2
BRDA:102,22,1,0
BRDA:106,23,0,0
BRDA:106,23,1,2
BRDA:121,24,0,0
BRDA:121,24,1,0
BRF:50
BRH:31
end_of_record
TN:
SF:services/flashSale.service.js
FN:11,createFlashSaleRecord
FN:36,getActiveFlashSalesData
FN:47,(anonymous_2)
FN:56,getUpcomingFlashSalesData
FN:66,(anonymous_4)
FN:77,updateFlashSaleRecord
FN:80,(anonymous_6)
FN:98,cancelFlashSaleRecord
FN:116,addProductsToFlashSale
FN:117,(anonymous_9)
FN:143,getFlashSaleAnalyticsData
FN:158,(anonymous_11)
FN:159,(anonymous_12)
FN:161,(anonymous_13)
FN:185,calculateDiscountedPrice
FNF:15
FNH:7
FNDA:2,createFlashSaleRecord
FNDA:2,getActiveFlashSalesData
FNDA:1,(anonymous_2)
FNDA:0,getUpcomingFlashSalesData
FNDA:0,(anonymous_4)
FNDA:0,updateFlashSaleRecord
FNDA:0,(anonymous_6)
FNDA:1,cancelFlashSaleRecord
FNDA:1,addProductsToFlashSale
FNDA:1,(anonymous_9)
FNDA:0,getFlashSaleAnalyticsData
FNDA:0,(anonymous_11)
FNDA:0,(anonymous_12)
FNDA:0,(anonymous_13)
FNDA:4,calculateDiscountedPrice
DA:12,2
DA:29,2
DA:30,1
DA:37,2
DA:38,2
DA:46,2
DA:47,2
DA:57,0
DA:58,0
DA:65,0
DA:66,0
DA:78,0
DA:79,0
DA:80,0
DA:83,0
DA:90,0
DA:91,0
DA:99,1
DA:107,1
DA:108,1
DA:117,1
DA:130,1
DA:135,1
DA:136,1
DA:144,0
DA:150,0
DA:152,0
DA:157,0
DA:158,0
DA:159,0
DA:160,0
DA:161,0
DA:164,0
DA:186,4
DA:187,2
DA:189,2
LF:36
LH:17
BRDA:16,0,0,2
BRDA:16,0,1,2
BRDA:17,1,0,2
BRDA:17,1,1,2
BRDA:20,2,0,2
BRDA:20,2,1,2
BRDA:29,3,0,1
BRDA:29,3,1,1
BRDA:46,4,0,0
BRDA:46,4,1,2
BRDA:47,5,0,2
BRDA:47,5,1,0
BRDA:65,6,0,0
BRDA:65,6,1,0
BRDA:66,7,0,0
BRDA:66,7,1,0
BRDA:90,8,0,0
BRDA:90,8,1,0
BRDA:107,9,0,0
BRDA:107,9,1,1
BRDA:122,10,0,1
BRDA:122,10,1,0
BRDA:123,11,0,1
BRDA:123,11,1,0
BRDA:124,12,0,1
BRDA:124,12,1,0
BRDA:135,13,0,0
BRDA:135,13,1,1
BRDA:150,14,0,0
BRDA:150,14,1,0
BRDA:150,15,0,0
BRDA:150,15,1,0
BRDA:157,16,0,0
BRDA:157,16,1,0
BRDA:158,17,0,0
BRDA:158,17,1,0
BRDA:159,18,0,0
BRDA:159,18,1,0
BRDA:159,19,0,0
BRDA:159,19,1,0
BRDA:160,20,0,0
BRDA:160,20,1,0
BRDA:161,21,0,0
BRDA:161,21,1,0
BRDA:174,22,0,0
BRDA:174,22,1,0
BRDA:186,23,0,2
BRDA:186,23,1,2
BRF:48
BRH:17
end_of_record
TN:
SF:services/loyalty.service.js
FN:28,determineTier
FN:40,getNextTier
FN:52,enrollUserInLoyalty
FN:92,getUserPointsBalance
FN:129,awardPoints
FN:185,redeemPointsForReward
FN:234,getRewardsCatalog
FN:248,getLoyaltyAnalyticsData
FN:260,(anonymous_8)
FN:260,(anonymous_9)
FN:261,(anonymous_10)
FN:261,(anonymous_11)
FN:263,(anonymous_12)
FN:270,(anonymous_13)
FNF:14
FNH:5
FNDA:9,determineTier
FNDA:7,getNextTier
FNDA:2,enrollUserInLoyalty
FNDA:2,getUserPointsBalance
FNDA:2,awardPoints
FNDA:0,redeemPointsForReward
FNDA:0,getRewardsCatalog
FNDA:0,getLoyaltyAnalyticsData
FNDA:0,(anonymous_8)
FNDA:0,(anonymous_9)
FNDA:0,(anonymous_10)
FNDA:0,(anonymous_11)
FNDA:0,(anonymous_12)
FNDA:0,(anonymous_13)
DA:6,1
DA:17,1
DA:29,9
DA:30,9
DA:31,34
DA:33,0
DA:41,7
DA:42,7
DA:43,7
DA:44,6
DA:45,6
DA:53,2
DA:59,2
DA:61,1
DA:73,1
DA:76,1
DA:85,1
DA:93,2
DA:99,2
DA:101,1
DA:108,1
DA:109,1
DA:111,1
DA:130,2
DA:136,2
DA:141,1
DA:142,1
DA:143,1
DA:145,0
DA:146,0
DA:149,1
DA:151,1
DA:152,1
DA:154,1
DA:159,1
DA:173,1
DA:175,1
DA:186,0
DA:192,0
DA:194,0
DA:195,0
DA:198,0
DA:205,0
DA:206,0
DA:208,0
DA:209,0
DA:214,0
DA:227,0
DA:228,0
DA:235,0
DA:241,0
DA:242,0
DA:249,0
DA:253,0
DA:257,0
DA:258,0
DA:260,0
DA:261,0
DA:263,0
DA:264,0
DA:265,0
DA:268,0
DA:270,0
LF:63
LH:34
BRDA:31,0,0,9
BRDA:31,0,1,25
BRDA:43,1,0,1
BRDA:43,1,1,6
BRDA:43,2,0,7
BRDA:43,2,1,7
BRDA:59,3,0,1
BRDA:59,3,1,1
BRDA:73,4,0,0
BRDA:73,4,1,1
BRDA:99,5,0,1
BRDA:99,5,1,1
BRDA:99,6,0,2
BRDA:99,6,1,1
BRDA:117,7,0,1
BRDA:117,7,1,0
BRDA:118,8,0,1
BRDA:118,8,1,0
BRDA:129,9,0,0
BRDA:129,10,0,2
BRDA:136,11,0,1
BRDA:136,11,1,1
BRDA:136,12,0,2
BRDA:136,12,1,1
BRDA:141,13,0,1
BRDA:141,13,1,0
BRDA:145,14,0,0
BRDA:145,14,1,0
BRDA:149,15,0,0
BRDA:149,15,1,1
BRDA:151,16,0,1
BRDA:151,16,1,1
BRDA:173,17,0,0
BRDA:173,17,1,1
BRDA:192,18,0,0
BRDA:192,18,1,0
BRDA:192,19,0,0
BRDA:192,19,1,0
BRDA:194,20,0,0
BRDA:194,20,1,0
BRDA:194,21,0,0
BRDA:194,21,1,0
BRDA:195,22,0,0
BRDA:195,22,1,0
BRDA:205,23,0,0
BRDA:205,23,1,0
BRDA:205,24,0,0
BRDA:205,24,1,0
BRDA:206,25,0,0
BRDA:206,25,1,0
BRDA:208,26,0,0
BRDA:208,26,1,0
BRDA:221,27,0,0
BRDA:221,27,1,0
BRDA:227,28,0,0
BRDA:227,28,1,0
BRDA:241,29,0,0
BRDA:241,29,1,0
BRDA:242,30,0,0
BRDA:242,30,1,0
BRDA:257,31,0,0
BRDA:257,31,1,0
BRDA:258,32,0,0
BRDA:258,32,1,0
BRDA:264,33,0,0
BRDA:264,33,1,0
BRF:66
BRH:25
end_of_record
TN:
SF:services/pricing.service.js
FN:8,calculateMarkup
FNF:1
FNH:1
FNDA:8,calculateMarkup
DA:10,8
DA:12,8
DA:13,1
DA:19,1
DA:22,8
DA:24,7
DA:31,7
DA:34,8
DA:36,5
DA:41,5
DA:44,8
DA:45,8
DA:46,8
DA:47,8
DA:48,8
DA:50,8
LF:16
LH:16
BRDA:8,0,0,7
BRDA:12,1,0,1
BRDA:12,1,1,7
BRDA:22,2,0,7
BRDA:22,2,1,1
BRDA:34,3,0,5
BRDA:34,3,1,3
BRDA:44,4,0,8
BRDA:44,4,1,5
BRDA:45,5,0,8
BRDA:45,5,1,5
BRF:11
BRH:11
end_of_record
TN:
SF:services/sms.service.js
FN:8,sendSMS
FN:17,sendOTP
FN:22,sendOrderUpdateSMS
FN:27,sendShipmentUpdateSMS
FN:32,sendPaymentConfirmationSMS
FN:37,sendDeliveryNotificationSMS
FN:42,sendDisputeUpdateSMS
FN:47,sendWelcomeSMS
FNF:8
FNH:8
FNDA:11,sendSMS
FNDA:1,sendOTP
FNDA:1,sendOrderUpdateSMS
FNDA:1,sendShipmentUpdateSMS
FNDA:1,sendPaymentConfirmationSMS
FNDA:1,sendDeliveryNotificationSMS
FNDA:1,sendDisputeUpdateSMS
FNDA:1,sendWelcomeSMS
DA:9,11
DA:10,10
DA:11,10
DA:14,1
DA:18,1
DA:19,1
DA:23,1
DA:24,1
DA:28,1
DA:29,1
DA:33,1
DA:34,1
DA:38,1
DA:39,1
DA:43,1
DA:44,1
DA:48,1
DA:49,1
LF:18
LH:18
BRDA:9,0,0,10
BRDA:9,0,1,1
BRDA:17,1,0,0
BRDA:22,2,0,0
BRDA:27,3,0,0
BRDA:32,4,0,0
BRDA:37,5,0,0
BRDA:42,6,0,0
BRDA:47,7,0,0
BRF:9
BRH:2
end_of_record
